Error: missing newline in C:\Users\wing2\Documents\VuGen\Scripts\UC_3_deleteMyOrder\..\dataPool\UsersDataAdvantage.dat	[MsgId: MERR-13874]
Error: missing newline in C:\Users\wing2\Documents\VuGen\Scripts\UC_3_deleteMyOrder\..\dataPool\PayMethod.dat	[MsgId: MERR-13874]
Start auto log messages stack - Iteration 1.	[MsgId: MMSG-10545]
Action.c(344): web_add_header("Authorization") highest severity level was "warning"  	[MsgId: MMSG-26391]
Action.c(347): web_add_auto_header("Origin") started  	[MsgId: MMSG-26355]
Action.c(347): web_add_auto_header("Origin") was successful  	[MsgId: MMSG-26392]
Action.c(354): web_reg_find started  	[MsgId: MMSG-26355]
Action.c(354): Registering web_reg_find was successful  	[MsgId: MMSG-26390]
Action.c(358): web_custom_request("remove") started  	[MsgId: MMSG-26355]
Action.c(358): Notify: Transaction "Remove" ended with a "Stop" status (Duration: 40,9823 Wasted Time: 0,0000).	[MsgId: MMSG-16871]
Action.c(358): Notify: Transaction "Uc_3_delete" ended with a "Stop" status (Duration: 169,2061 Think Time: 15,0336 Wasted Time: 0,0094).	[MsgId: MMSG-16870]
Abort was called from an action.	[MsgId: MMSG-10447]
Ending Vuser...	[MsgId: MMSG-15966]
Starting action vuser_end.	[MsgId: MMSG-15919]
Ending action vuser_end.	[MsgId: MMSG-15918]
Vuser Terminated.	[MsgId: MMSG-15963]
Action.c(358): Error -27760: Request "https://www.advantageonlineshopping.com/order/api/v1/orders/history/users/658121218/7492548378" failed  	[MsgId: MERR-27760]
Start auto log messages stack - Iteration 2.	[MsgId: MMSG-10545]
Start auto log messages stack - Iteration 3.	[MsgId: MMSG-10545]
Start auto log messages stack - Iteration 4.	[MsgId: MMSG-10545]
Start auto log messages stack - Iteration 2.	[MsgId: MMSG-10545]
Action.c(270): Warning -26594: The header being added may cause unpredictable results if applied to ALL the URLs generated on behalf of the next script function. It will apply to the primary URL only.  	[MsgId: MWAR-26594]
Action.c(344): web_add_header("Authorization") highest severity level was "warning"  	[MsgId: MMSG-26391]
Action.c(270): web_add_header("Authorization") highest severity level was "warning"  	[MsgId: MMSG-26391]
Action.c(347): web_add_auto_header("Origin") started  	[MsgId: MMSG-26355]
Action.c(274): web_reg_find started  	[MsgId: MMSG-26355]
Action.c(347): web_add_auto_header("Origin") was successful  	[MsgId: MMSG-26392]
Action.c(274): Registering web_reg_find was successful  	[MsgId: MMSG-26390]
Action.c(354): web_reg_find started  	[MsgId: MMSG-26355]
Action.c(354): Registering web_reg_find was successful  	[MsgId: MMSG-26390]
Action.c(358): web_custom_request("remove") started  	[MsgId: MMSG-26355]
Action.c(278): web_url("Cartmb") started  	[MsgId: MMSG-26355]
Action.c(358): Notify: Transaction "Remove" ended with a "Stop" status (Duration: 7,4850 Wasted Time: 0,0000).	[MsgId: MMSG-16871]
Action.c(278): Notify: Transaction "logIn" ended with a "Stop" status (Duration: 44,9210 Wasted Time: 0,0003).	[MsgId: MMSG-16871]
Action.c(358): Notify: Transaction "Uc_3_delete" ended with a "Stop" status (Duration: 113,7258 Think Time: 15,0211 Wasted Time: 0,0119).	[MsgId: MMSG-16870]
Abort was called from an action.	[MsgId: MMSG-10447]
Action.c(278): Notify: Transaction "Uc_3_delete" ended with a "Stop" status (Duration: 63,6325 Think Time: 5,0083 Wasted Time: 0,0090).	[MsgId: MMSG-16870]
Ending Vuser...	[MsgId: MMSG-15966]
Abort was called from an action.	[MsgId: MMSG-10447]
Starting action vuser_end.	[MsgId: MMSG-15919]
Ending Vuser...	[MsgId: MMSG-15966]
Ending action vuser_end.	[MsgId: MMSG-15918]
Starting action vuser_end.	[MsgId: MMSG-15919]
Vuser Terminated.	[MsgId: MMSG-15963]
Ending action vuser_end.	[MsgId: MMSG-15918]
Action.c(358): Error -27760: Request "https://www.advantageonlineshopping.com/order/api/v1/orders/history/users/525751637/7492548399" failed  	[MsgId: MERR-27760]
Vuser Terminated.	[MsgId: MMSG-15963]
Action.c(278): Error -27760: Request "https://www.advantageonlineshopping.com/order/api/v1/carts/582943225" failed  	[MsgId: MERR-27760]
Action.c(344): web_add_header("Authorization") highest severity level was "warning"  	[MsgId: MMSG-26391]
Action.c(347): web_add_auto_header("Origin") started  	[MsgId: MMSG-26355]
Action.c(347): web_add_auto_header("Origin") was successful  	[MsgId: MMSG-26392]
Action.c(354): web_reg_find started  	[MsgId: MMSG-26355]
Action.c(354): Registering web_reg_find was successful  	[MsgId: MMSG-26390]
Action.c(358): web_custom_request("remove") started  	[MsgId: MMSG-26355]
Action.c(358): Notify: Transaction "Remove" ended with a "Stop" status (Duration: 15,6608 Wasted Time: 0,0000).	[MsgId: MMSG-16871]
Action.c(358): Notify: Transaction "Uc_3_delete" ended with a "Stop" status (Duration: 65,7955 Think Time: 15,0268 Wasted Time: 0,0098).	[MsgId: MMSG-16870]
Abort was called from an action.	[MsgId: MMSG-10447]
Ending Vuser...	[MsgId: MMSG-15966]
Starting action vuser_end.	[MsgId: MMSG-15919]
Ending action vuser_end.	[MsgId: MMSG-15918]
Vuser Terminated.	[MsgId: MMSG-15963]
Action.c(358): Error -27760: Request "https://www.advantageonlineshopping.com/order/api/v1/orders/history/users/441289135/7492548399" failed  	[MsgId: MERR-27760]
Action.c(344): web_add_header("Authorization") highest severity level was "warning"  	[MsgId: MMSG-26391]
Action.c(347): web_add_auto_header("Origin") started  	[MsgId: MMSG-26355]
Action.c(347): web_add_auto_header("Origin") was successful  	[MsgId: MMSG-26392]
Action.c(354): web_reg_find started  	[MsgId: MMSG-26355]
Action.c(354): Registering web_reg_find was successful  	[MsgId: MMSG-26390]
Action.c(358): web_custom_request("remove") started  	[MsgId: MMSG-26355]
Action.c(358): Notify: Transaction "Remove" ended with a "Stop" status (Duration: 53,3367 Wasted Time: 0,0000).	[MsgId: MMSG-16871]
Action.c(358): Notify: Transaction "Uc_3_delete" ended with a "Stop" status (Duration: 135,6033 Think Time: 15,0161 Wasted Time: 0,0083).	[MsgId: MMSG-16870]
Abort was called from an action.	[MsgId: MMSG-10447]
Ending Vuser...	[MsgId: MMSG-15966]
Starting action vuser_end.	[MsgId: MMSG-15919]
Ending action vuser_end.	[MsgId: MMSG-15918]
Vuser Terminated.	[MsgId: MMSG-15963]
Action.c(358): Error -27760: Request "https://www.advantageonlineshopping.com/order/api/v1/orders/history/users/144977548/7492548745" failed  	[MsgId: MERR-27760]
