Start auto log messages stack - Iteration 24.	[MsgId: MMSG-10545]
Action.c(264): Registering web_reg_save_param_json was successful  	[MsgId: MMSG-26390]
Action.c(270): web_add_header("Authorization") started  	[MsgId: MMSG-26355]
Action.c(270): Warning -26594: The header being added may cause unpredictable results if applied to ALL the URLs generated on behalf of the next script function. It will apply to the primary URL only.  	[MsgId: MWAR-26594]
Action.c(270): web_add_header("Authorization") highest severity level was "warning"  	[MsgId: MMSG-26391]
Action.c(274): web_reg_find started  	[MsgId: MMSG-26355]
Action.c(274): Registering web_reg_find was successful  	[MsgId: MMSG-26390]
Action.c(278): web_url("Cartmb") started  	[MsgId: MMSG-26355]
Action.c(278): Error -27644: Step download timeout (120 seconds) has expired when only cross-step downloads (0) were active  	[MsgId: MERR-27644]
End auto log messages stack.	[MsgId: MMSG-10544]


Start auto log messages stack - Iteration 24.	[MsgId: MMSG-10545]
Action.c(278): Aborting pending download of URL="https://www.advantageonlineshopping.com/order/api/v1/carts/525751637" (RelFrameId=1, Internal ID=1124)  	[MsgId: MMSG-27649]
Action.c(278): Error -35060: No matches were found for the specified query: "$.sessionId"  	[MsgId: MERR-35060]
Action.c(278): Error -26366: "Text=525751637" not found for web_reg_find  	[MsgId: MERR-26366]
Action.c(278): Error -26366: "Text=userId":525751637" not found for web_reg_find  	[MsgId: MERR-26366]
Action.c(278): Error -26374: The above "not found" error(s) may be explained by header and body byte counts being 0 and 0, respectively.  	[MsgId: MERR-26374]
End auto log messages stack.	[MsgId: MMSG-10544]


Start auto log messages stack - Iteration 29.	[MsgId: MMSG-10545]
Action.c(264): Registering web_reg_save_param_json was successful  	[MsgId: MMSG-26390]
Action.c(270): web_add_header("Authorization") started  	[MsgId: MMSG-26355]
Action.c(270): Warning -26594: The header being added may cause unpredictable results if applied to ALL the URLs generated on behalf of the next script function. It will apply to the primary URL only.  	[MsgId: MWAR-26594]
Action.c(270): web_add_header("Authorization") highest severity level was "warning"  	[MsgId: MMSG-26391]
Action.c(274): web_reg_find started  	[MsgId: MMSG-26355]
Action.c(274): Registering web_reg_find was successful  	[MsgId: MMSG-26390]
Action.c(278): web_url("Cartmb") started  	[MsgId: MMSG-26355]
Action.c(278): Error -27644: Step download timeout (120 seconds) has expired when only cross-step downloads (0) were active  	[MsgId: MERR-27644]
End auto log messages stack.	[MsgId: MMSG-10544]


Start auto log messages stack - Iteration 29.	[MsgId: MMSG-10545]
Action.c(278): Aborting pending download of URL="https://www.advantageonlineshopping.com/order/api/v1/carts/473701155" (RelFrameId=1, Internal ID=1355)  	[MsgId: MMSG-27649]
Action.c(278): Error -35060: No matches were found for the specified query: "$.sessionId"  	[MsgId: MERR-35060]
Action.c(278): Error -26366: "Text=473701155" not found for web_reg_find  	[MsgId: MERR-26366]
Action.c(278): Error -26366: "Text=userId":473701155" not found for web_reg_find  	[MsgId: MERR-26366]
Action.c(278): Error -26374: The above "not found" error(s) may be explained by header and body byte counts being 0 and 0, respectively.  	[MsgId: MERR-26374]
End auto log messages stack.	[MsgId: MMSG-10544]


Start auto log messages stack - Iteration 18.	[MsgId: MMSG-10545]
Action.c(347): web_add_auto_header("Origin") was successful  	[MsgId: MMSG-26392]
Action.c(354): web_reg_find started  	[MsgId: MMSG-26355]
Action.c(354): Registering web_reg_find was successful  	[MsgId: MMSG-26390]
Action.c(358): web_custom_request("remove") started  	[MsgId: MMSG-26355]
Action.c(358): Connection to www.advantageonlineshopping.com:443 closed after being inactive for 61 seconds, exceeding the "HTTP Keep-Alive timeout" Runtime Setting (60 seconds). URL="[None]"  	[MsgId: MMSG-27647]
Action.c(358): Connection to www.googletagmanager.com:443 closed after being inactive for 61 seconds, exceeding the "HTTP Keep-Alive timeout" Runtime Setting (60 seconds). URL="[None]"  	[MsgId: MMSG-27647]
Action.c(358): Error -27644: Step download timeout (120 seconds) has expired when only cross-step downloads (0) were active  	[MsgId: MERR-27644]
End auto log messages stack.	[MsgId: MMSG-10544]


Start auto log messages stack - Iteration 21.	[MsgId: MMSG-10545]
Action.c(347): web_add_auto_header("Origin") was successful  	[MsgId: MMSG-26392]
Action.c(354): web_reg_find started  	[MsgId: MMSG-26355]
Action.c(354): Registering web_reg_find was successful  	[MsgId: MMSG-26390]
Action.c(358): web_custom_request("remove") started  	[MsgId: MMSG-26355]
Action.c(358): Connection to www.advantageonlineshopping.com:443 closed after being inactive for 64 seconds, exceeding the "HTTP Keep-Alive timeout" Runtime Setting (60 seconds). URL="[None]"  	[MsgId: MMSG-27647]
Action.c(358): Connection to www.googletagmanager.com:443 closed after being inactive for 64 seconds, exceeding the "HTTP Keep-Alive timeout" Runtime Setting (60 seconds). URL="[None]"  	[MsgId: MMSG-27647]
Action.c(358): Error -27644: Step download timeout (120 seconds) has expired when only cross-step downloads (0) were active  	[MsgId: MERR-27644]
End auto log messages stack.	[MsgId: MMSG-10544]


Start auto log messages stack - Iteration 34.	[MsgId: MMSG-10545]
Action.c(344): web_add_header("Authorization") highest severity level was "warning"  	[MsgId: MMSG-26391]
Action.c(347): web_add_auto_header("Origin") started  	[MsgId: MMSG-26355]
Action.c(347): web_add_auto_header("Origin") was successful  	[MsgId: MMSG-26392]
Action.c(354): web_reg_find started  	[MsgId: MMSG-26355]
Action.c(354): Registering web_reg_find was successful  	[MsgId: MMSG-26390]
Action.c(358): web_custom_request("remove") started  	[MsgId: MMSG-26355]
Action.c(358): Notify: Transaction "Remove" ended with a "Stop" status (Duration: 112,8581 Wasted Time: 0,0000).	[MsgId: MMSG-16871]
Action.c(358): Notify: Transaction "Uc_3_delete" ended with a "Stop" status (Duration: 172,5812 Think Time: 15,0333 Wasted Time: 0,0101).	[MsgId: MMSG-16870]
Abort was called from an action.	[MsgId: MMSG-10447]
Ending Vuser...	[MsgId: MMSG-15966]
Starting action vuser_end.	[MsgId: MMSG-15919]
Ending action vuser_end.	[MsgId: MMSG-15918]
Vuser Terminated.	[MsgId: MMSG-15963]
Action.c(358): Error -27760: Request "https://www.advantageonlineshopping.com/order/api/v1/orders/history/users/525751637/7492548385" failed  	[MsgId: MERR-27760]
Start auto log messages stack - Iteration 22.	[MsgId: MMSG-10545]
Action.c(302): Registering web_reg_save_param_regexp was successful  	[MsgId: MMSG-26390]
Action.c(313): web_url("559529690_2") started  	[MsgId: MMSG-26355]
Action.c(313): Connection to www.advantageonlineshopping.com:443 closed after being inactive for 95 seconds, exceeding the "HTTP Keep-Alive timeout" Runtime Setting (60 seconds). URL="[None]"  	[MsgId: MMSG-27647]
Action.c(313): Connection to www.googletagmanager.com:443 closed after being inactive for 95 seconds, exceeding the "HTTP Keep-Alive timeout" Runtime Setting (60 seconds). URL="[None]"  	[MsgId: MMSG-27647]
Action.c(313): Notify: Transaction "MyOrder" ended with a "Stop" status (Duration: 0,5777 Wasted Time: 0,0001).	[MsgId: MMSG-16871]
Action.c(313): Notify: Transaction "Uc_3_delete" ended with a "Stop" status (Duration: 96,5039 Think Time: 10,0229 Wasted Time: 0,0104).	[MsgId: MMSG-16870]
Abort was called from an action.	[MsgId: MMSG-10447]
Ending Vuser...	[MsgId: MMSG-15966]
Starting action vuser_end.	[MsgId: MMSG-15919]
Ending action vuser_end.	[MsgId: MMSG-15918]
Vuser Terminated.	[MsgId: MMSG-15963]
Action.c(313): Error -27760: Request "https://www.advantageonlineshopping.com/order/api/v1/orders/history/lines/users/526100574" failed  	[MsgId: MERR-27760]
