Start auto log messages stack - Iteration 25.	[MsgId: MMSG-10545]
Action.c(341): web_remove/revert_auto_header("X-Requested-With") was successful  	[MsgId: MMSG-26392]
Action.c(343): web_add_header("Authorization") started  	[MsgId: MMSG-26355]
Action.c(343): Warning -26594: The header being added may cause unpredictable results if applied to ALL the URLs generated on behalf of the next script function. It will apply to the primary URL only.  	[MsgId: MWAR-26594]
Action.c(343): web_add_header("Authorization") highest severity level was "warning"  	[MsgId: MMSG-26391]
Action.c(346): web_reg_find started  	[MsgId: MMSG-26355]
Action.c(346): Registering web_reg_find was successful  	[MsgId: MMSG-26390]
Action.c(350): web_url("cart") started  	[MsgId: MMSG-26355]
Action.c(350): Error -27644: Step download timeout (120 seconds) has expired when only cross-step downloads (0) were active  	[MsgId: MERR-27644]
End auto log messages stack.	[MsgId: MMSG-10544]


Start auto log messages stack - Iteration 25.	[MsgId: MMSG-10545]
Action.c(350): Aborting pending download of URL="https://www.advantageonlineshopping.com/order/api/v1/carts/770347572" (RelFrameId=1, Internal ID=1174)  	[MsgId: MMSG-27649]
Action.c(350): Error -26366: "Text=userId":770347572" not found for web_reg_find  	[MsgId: MERR-26366]
Action.c(350): Error -26374: The above "not found" error(s) may be explained by header and body byte counts being 0 and 0, respectively.  	[MsgId: MERR-26374]
End auto log messages stack.	[MsgId: MMSG-10544]


Start auto log messages stack - Iteration 26.	[MsgId: MMSG-10545]
Action.c(341): web_remove/revert_auto_header("X-Requested-With") was successful  	[MsgId: MMSG-26392]
Action.c(343): web_add_header("Authorization") started  	[MsgId: MMSG-26355]
Action.c(343): Warning -26594: The header being added may cause unpredictable results if applied to ALL the URLs generated on behalf of the next script function. It will apply to the primary URL only.  	[MsgId: MWAR-26594]
Action.c(343): web_add_header("Authorization") highest severity level was "warning"  	[MsgId: MMSG-26391]
Action.c(346): web_reg_find started  	[MsgId: MMSG-26355]
Action.c(346): Registering web_reg_find was successful  	[MsgId: MMSG-26390]
Action.c(350): web_url("cart") started  	[MsgId: MMSG-26355]
Action.c(350): Error -27644: Step download timeout (120 seconds) has expired when only cross-step downloads (0) were active  	[MsgId: MERR-27644]
End auto log messages stack.	[MsgId: MMSG-10544]


Start auto log messages stack - Iteration 26.	[MsgId: MMSG-10545]
Action.c(350): Aborting pending download of URL="https://www.advantageonlineshopping.com/order/api/v1/carts/208995787" (RelFrameId=1, Internal ID=1221)  	[MsgId: MMSG-27649]
Action.c(350): Error -26366: "Text=userId":208995787" not found for web_reg_find  	[MsgId: MERR-26366]
Action.c(350): Error -26374: The above "not found" error(s) may be explained by header and body byte counts being 0 and 0, respectively.  	[MsgId: MERR-26374]
End auto log messages stack.	[MsgId: MMSG-10544]


Start auto log messages stack - Iteration 25.	[MsgId: MMSG-10545]
Action.c(341): web_remove/revert_auto_header("X-Requested-With") was successful  	[MsgId: MMSG-26392]
Action.c(343): web_add_header("Authorization") started  	[MsgId: MMSG-26355]
Action.c(343): Warning -26594: The header being added may cause unpredictable results if applied to ALL the URLs generated on behalf of the next script function. It will apply to the primary URL only.  	[MsgId: MWAR-26594]
Action.c(343): web_add_header("Authorization") highest severity level was "warning"  	[MsgId: MMSG-26391]
Action.c(346): web_reg_find started  	[MsgId: MMSG-26355]
Action.c(346): Registering web_reg_find was successful  	[MsgId: MMSG-26390]
Action.c(350): web_url("cart") started  	[MsgId: MMSG-26355]
Action.c(350): Error -27644: Step download timeout (120 seconds) has expired when only cross-step downloads (0) were active  	[MsgId: MERR-27644]
End auto log messages stack.	[MsgId: MMSG-10544]


Start auto log messages stack - Iteration 25.	[MsgId: MMSG-10545]
Action.c(350): Aborting pending download of URL="https://www.advantageonlineshopping.com/order/api/v1/carts/654636344" (RelFrameId=1, Internal ID=1174)  	[MsgId: MMSG-27649]
Action.c(350): Error -26366: "Text=userId":654636344" not found for web_reg_find  	[MsgId: MERR-26366]
Action.c(350): Error -26374: The above "not found" error(s) may be explained by header and body byte counts being 0 and 0, respectively.  	[MsgId: MERR-26374]
End auto log messages stack.	[MsgId: MMSG-10544]


Start auto log messages stack - Iteration 28.	[MsgId: MMSG-10545]
Action.c(258): web_add_auto_header("X-Requested-With") was successful  	[MsgId: MMSG-26392]
Action.c(261): web_custom_request("GetCountriesRequest") started  	[MsgId: MMSG-26355]
Action.c(261): web_custom_request("GetCountriesRequest") was successful, 4184 body bytes, 761 header bytes  	[MsgId: MMSG-26386]
Action.c(274): web_add_header("SOAPAction") started  	[MsgId: MMSG-26355]
Action.c(274): web_add_header("SOAPAction") was successful  	[MsgId: MMSG-26392]
Action.c(277): web_reg_find started  	[MsgId: MMSG-26355]
Action.c(277): Registering web_reg_find was successful  	[MsgId: MMSG-26390]
Action.c(282): web_custom_request("AccountCreateRequest") started  	[MsgId: MMSG-26355]
Action.c(282): Error -26366: "Text=<ns2:success>true</ns2:success>" not found for web_reg_find  	[MsgId: MERR-26366]
End auto log messages stack.	[MsgId: MMSG-10544]


Start auto log messages stack - Iteration 25.	[MsgId: MMSG-10545]
Action.c(341): web_remove/revert_auto_header("X-Requested-With") was successful  	[MsgId: MMSG-26392]
Action.c(343): web_add_header("Authorization") started  	[MsgId: MMSG-26355]
Action.c(343): Warning -26594: The header being added may cause unpredictable results if applied to ALL the URLs generated on behalf of the next script function. It will apply to the primary URL only.  	[MsgId: MWAR-26594]
Action.c(343): web_add_header("Authorization") highest severity level was "warning"  	[MsgId: MMSG-26391]
Action.c(346): web_reg_find started  	[MsgId: MMSG-26355]
Action.c(346): Registering web_reg_find was successful  	[MsgId: MMSG-26390]
Action.c(350): web_url("cart") started  	[MsgId: MMSG-26355]
Action.c(350): Error -27644: Step download timeout (120 seconds) has expired when only cross-step downloads (0) were active  	[MsgId: MERR-27644]
End auto log messages stack.	[MsgId: MMSG-10544]


Start auto log messages stack - Iteration 25.	[MsgId: MMSG-10545]
Action.c(350): Aborting pending download of URL="https://www.advantageonlineshopping.com/order/api/v1/carts/837773187" (RelFrameId=1, Internal ID=1174)  	[MsgId: MMSG-27649]
Action.c(350): Error -26366: "Text=userId":837773187" not found for web_reg_find  	[MsgId: MERR-26366]
Action.c(350): Error -26374: The above "not found" error(s) may be explained by header and body byte counts being 0 and 0, respectively.  	[MsgId: MERR-26374]
End auto log messages stack.	[MsgId: MMSG-10544]


Start auto log messages stack - Iteration 29.	[MsgId: MMSG-10545]
Action.c(258): web_add_auto_header("X-Requested-With") was successful  	[MsgId: MMSG-26392]
Action.c(261): web_custom_request("GetCountriesRequest") started  	[MsgId: MMSG-26355]
Action.c(261): web_custom_request("GetCountriesRequest") was successful, 4184 body bytes, 761 header bytes  	[MsgId: MMSG-26386]
Action.c(274): web_add_header("SOAPAction") started  	[MsgId: MMSG-26355]
Action.c(274): web_add_header("SOAPAction") was successful  	[MsgId: MMSG-26392]
Action.c(277): web_reg_find started  	[MsgId: MMSG-26355]
Action.c(277): Registering web_reg_find was successful  	[MsgId: MMSG-26390]
Action.c(282): web_custom_request("AccountCreateRequest") started  	[MsgId: MMSG-26355]
Action.c(282): Error -26366: "Text=<ns2:success>true</ns2:success>" not found for web_reg_find  	[MsgId: MERR-26366]
End auto log messages stack.	[MsgId: MMSG-10544]


Start auto log messages stack - Iteration 34.	[MsgId: MMSG-10545]
Action.c(258): web_add_auto_header("X-Requested-With") was successful  	[MsgId: MMSG-26392]
Action.c(261): web_custom_request("GetCountriesRequest") started  	[MsgId: MMSG-26355]
Action.c(261): web_custom_request("GetCountriesRequest") was successful, 4184 body bytes, 761 header bytes  	[MsgId: MMSG-26386]
Action.c(274): web_add_header("SOAPAction") started  	[MsgId: MMSG-26355]
Action.c(274): web_add_header("SOAPAction") was successful  	[MsgId: MMSG-26392]
Action.c(277): web_reg_find started  	[MsgId: MMSG-26355]
Action.c(277): Registering web_reg_find was successful  	[MsgId: MMSG-26390]
Action.c(282): web_custom_request("AccountCreateRequest") started  	[MsgId: MMSG-26355]
Action.c(282): Error -26366: "Text=<ns2:success>true</ns2:success>" not found for web_reg_find  	[MsgId: MERR-26366]
End auto log messages stack.	[MsgId: MMSG-10544]


Start auto log messages stack - Iteration 31.	[MsgId: MMSG-10545]
Start auto log messages stack - Iteration 39.	[MsgId: MMSG-10545]
Start auto log messages stack - Iteration 41.	[MsgId: MMSG-10545]
Start auto log messages stack - Iteration 29.	[MsgId: MMSG-10545]
Action.c(377): Registering web_reg_find was successful  	[MsgId: MMSG-26390]
Start auto log messages stack - Iteration 41.	[MsgId: MMSG-10545]
Action.c(381): web_custom_request("AccountLogoutRequest") started  	[MsgId: MMSG-26355]
Action.c(381): Connection to www.advantageonlineshopping.com:443 closed after being inactive for 87 seconds, exceeding the "HTTP Keep-Alive timeout" Runtime Setting (60 seconds). URL="[None]"  	[MsgId: MMSG-27647]
Action.c(377): Registering web_reg_find was successful  	[MsgId: MMSG-26390]
Action.c(381): web_custom_request("AccountLogoutRequest") started  	[MsgId: MMSG-26355]
Start auto log messages stack - Iteration 35.	[MsgId: MMSG-10545]
Action.c(381): Connection to www.googletagmanager.com:443 closed after being inactive for 87 seconds, exceeding the "HTTP Keep-Alive timeout" Runtime Setting (60 seconds). URL="[None]"  	[MsgId: MMSG-27647]
Action.c(381): Connection to www.advantageonlineshopping.com:443 closed after being inactive for 112 seconds, exceeding the "HTTP Keep-Alive timeout" Runtime Setting (60 seconds). URL="[None]"  	[MsgId: MMSG-27647]
Action.c(343): Warning -26594: The header being added may cause unpredictable results if applied to ALL the URLs generated on behalf of the next script function. It will apply to the primary URL only.  	[MsgId: MWAR-26594]
Action.c(381): Connection to www.googletagmanager.com:443 closed after being inactive for 112 seconds, exceeding the "HTTP Keep-Alive timeout" Runtime Setting (60 seconds). URL="[None]"  	[MsgId: MMSG-27647]
Action.c(343): web_add_header("Authorization") highest severity level was "warning"  	[MsgId: MMSG-26391]
Action.c(346): web_reg_find started  	[MsgId: MMSG-26355]
Action.c(381): Notify: Transaction "logout" ended with a "Stop" status (Duration: 1,2793 Wasted Time: 0,0000).	[MsgId: MMSG-16871]
Abort was called from an action.	[MsgId: MMSG-10447]
Ending Vuser...	[MsgId: MMSG-15966]
Starting action vuser_end.	[MsgId: MMSG-15919]
Ending action vuser_end.	[MsgId: MMSG-15918]
Vuser Terminated.	[MsgId: MMSG-15963]
Action.c(381): Error -27760: Request "https://www.advantageonlineshopping.com/accountservice/ws/AccountLogoutRequest" failed  	[MsgId: MERR-27760]
Action.c(381): Notify: Transaction "logout" ended with a "Stop" status (Duration: 0,9342 Wasted Time: 0,0000).	[MsgId: MMSG-16871]
Abort was called from an action.	[MsgId: MMSG-10447]
Ending Vuser...	[MsgId: MMSG-15966]
Action.c(377): Registering web_reg_find was successful  	[MsgId: MMSG-26390]
Starting action vuser_end.	[MsgId: MMSG-15919]
Ending action vuser_end.	[MsgId: MMSG-15918]
Action.c(381): web_custom_request("AccountLogoutRequest") started  	[MsgId: MMSG-26355]
Vuser Terminated.	[MsgId: MMSG-15963]
Action.c(346): Registering web_reg_find was successful  	[MsgId: MMSG-26390]
Action.c(377): Registering web_reg_find was successful  	[MsgId: MMSG-26390]
Action.c(377): Registering web_reg_find was successful  	[MsgId: MMSG-26390]
Action.c(381): Error -27760: Request "https://www.advantageonlineshopping.com/accountservice/ws/AccountLogoutRequest" failed  	[MsgId: MERR-27760]
Action.c(350): web_url("cart") started  	[MsgId: MMSG-26355]
Action.c(381): Connection to www.advantageonlineshopping.com:443 closed after being inactive for 94 seconds, exceeding the "HTTP Keep-Alive timeout" Runtime Setting (60 seconds). URL="[None]"  	[MsgId: MMSG-27647]
Action.c(350): Notify: Transaction "logIn" ended with a "Stop" status (Duration: 51,0365 Wasted Time: 0,0003).	[MsgId: MMSG-16871]
Action.c(381): Connection to www.googletagmanager.com:443 closed after being inactive for 94 seconds, exceeding the "HTTP Keep-Alive timeout" Runtime Setting (60 seconds). URL="[None]"  	[MsgId: MMSG-27647]
Action.c(381): web_custom_request("AccountLogoutRequest") started  	[MsgId: MMSG-26355]
Abort was called from an action.	[MsgId: MMSG-10447]
Ending Vuser...	[MsgId: MMSG-15966]
Action.c(381): Connection to www.advantageonlineshopping.com:443 closed after being inactive for 86 seconds, exceeding the "HTTP Keep-Alive timeout" Runtime Setting (60 seconds). URL="[None]"  	[MsgId: MMSG-27647]
Starting action vuser_end.	[MsgId: MMSG-15919]
Ending action vuser_end.	[MsgId: MMSG-15918]
Action.c(381): Connection to www.googletagmanager.com:443 closed after being inactive for 85 seconds, exceeding the "HTTP Keep-Alive timeout" Runtime Setting (60 seconds). URL="[None]"  	[MsgId: MMSG-27647]
Vuser Terminated.	[MsgId: MMSG-15963]
Action.c(381): web_custom_request("AccountLogoutRequest") started  	[MsgId: MMSG-26355]
Action.c(350): Error -27760: Request "https://www.advantageonlineshopping.com/order/api/v1/carts/852322654" failed  	[MsgId: MERR-27760]
Action.c(381): Connection to www.advantageonlineshopping.com:443 closed after being inactive for 110 seconds, exceeding the "HTTP Keep-Alive timeout" Runtime Setting (60 seconds). URL="[None]"  	[MsgId: MMSG-27647]
Action.c(381): Connection to www.googletagmanager.com:443 closed after being inactive for 110 seconds, exceeding the "HTTP Keep-Alive timeout" Runtime Setting (60 seconds). URL="[None]"  	[MsgId: MMSG-27647]
Action.c(381): Notify: Transaction "logout" ended with a "Stop" status (Duration: 1,2938 Wasted Time: 0,0000).	[MsgId: MMSG-16871]
Abort was called from an action.	[MsgId: MMSG-10447]
Ending Vuser...	[MsgId: MMSG-15966]
Starting action vuser_end.	[MsgId: MMSG-15919]
Ending action vuser_end.	[MsgId: MMSG-15918]
Vuser Terminated.	[MsgId: MMSG-15963]
Action.c(381): Error -27760: Request "https://www.advantageonlineshopping.com/accountservice/ws/AccountLogoutRequest" failed  	[MsgId: MERR-27760]
Action.c(381): Notify: Transaction "logout" ended with a "Stop" status (Duration: 1,2475 Wasted Time: 0,0000).	[MsgId: MMSG-16871]
Abort was called from an action.	[MsgId: MMSG-10447]
Ending Vuser...	[MsgId: MMSG-15966]
Starting action vuser_end.	[MsgId: MMSG-15919]
Ending action vuser_end.	[MsgId: MMSG-15918]
Vuser Terminated.	[MsgId: MMSG-15963]
Action.c(381): Notify: Transaction "logout" ended with a "Stop" status (Duration: 0,9501 Wasted Time: 0,0000).	[MsgId: MMSG-16871]
Action.c(381): Error -27760: Request "https://www.advantageonlineshopping.com/accountservice/ws/AccountLogoutRequest" failed  	[MsgId: MERR-27760]
Abort was called from an action.	[MsgId: MMSG-10447]
Ending Vuser...	[MsgId: MMSG-15966]
Starting action vuser_end.	[MsgId: MMSG-15919]
Ending action vuser_end.	[MsgId: MMSG-15918]
Vuser Terminated.	[MsgId: MMSG-15963]
Action.c(381): Error -27760: Request "https://www.advantageonlineshopping.com/accountservice/ws/AccountLogoutRequest" failed  	[MsgId: MERR-27760]
