Start auto log messages stack - Iteration 12.	[MsgId: MMSG-10545]
Action.c(258): web_add_auto_header("X-Requested-With") was successful  	[MsgId: MMSG-26392]
Action.c(261): web_custom_request("GetCountriesRequest") started  	[MsgId: MMSG-26355]
Action.c(261): web_custom_request("GetCountriesRequest") was successful, 4184 body bytes, 761 header bytes  	[MsgId: MMSG-26386]
Action.c(274): web_add_header("SOAPAction") started  	[MsgId: MMSG-26355]
Action.c(274): web_add_header("SOAPAction") was successful  	[MsgId: MMSG-26392]
Action.c(277): web_reg_find started  	[MsgId: MMSG-26355]
Action.c(277): Registering web_reg_find was successful  	[MsgId: MMSG-26390]
Action.c(282): web_custom_request("AccountCreateRequest") started  	[MsgId: MMSG-26355]
Action.c(282): Error -26366: "Text=<ns2:success>true</ns2:success>" not found for web_reg_find  	[MsgId: MERR-26366]
End auto log messages stack.	[MsgId: MMSG-10544]


Start auto log messages stack - Iteration 21.	[MsgId: MMSG-10545]
Action.c(258): web_add_auto_header("X-Requested-With") was successful  	[MsgId: MMSG-26392]
Action.c(261): web_custom_request("GetCountriesRequest") started  	[MsgId: MMSG-26355]
Action.c(261): web_custom_request("GetCountriesRequest") was successful, 4184 body bytes, 761 header bytes  	[MsgId: MMSG-26386]
Action.c(274): web_add_header("SOAPAction") started  	[MsgId: MMSG-26355]
Action.c(274): web_add_header("SOAPAction") was successful  	[MsgId: MMSG-26392]
Action.c(277): web_reg_find started  	[MsgId: MMSG-26355]
Action.c(277): Registering web_reg_find was successful  	[MsgId: MMSG-26390]
Action.c(282): web_custom_request("AccountCreateRequest") started  	[MsgId: MMSG-26355]
Action.c(282): Error -26366: "Text=<ns2:success>true</ns2:success>" not found for web_reg_find  	[MsgId: MERR-26366]
End auto log messages stack.	[MsgId: MMSG-10544]


Start auto log messages stack - Iteration 31.	[MsgId: MMSG-10545]
Action.c(258): web_add_auto_header("X-Requested-With") was successful  	[MsgId: MMSG-26392]
Action.c(261): web_custom_request("GetCountriesRequest") started  	[MsgId: MMSG-26355]
Action.c(261): web_custom_request("GetCountriesRequest") was successful, 4184 body bytes, 761 header bytes  	[MsgId: MMSG-26386]
Action.c(274): web_add_header("SOAPAction") started  	[MsgId: MMSG-26355]
Action.c(274): web_add_header("SOAPAction") was successful  	[MsgId: MMSG-26392]
Action.c(277): web_reg_find started  	[MsgId: MMSG-26355]
Action.c(277): Registering web_reg_find was successful  	[MsgId: MMSG-26390]
Action.c(282): web_custom_request("AccountCreateRequest") started  	[MsgId: MMSG-26355]
Action.c(282): Error -26366: "Text=<ns2:success>true</ns2:success>" not found for web_reg_find  	[MsgId: MERR-26366]
End auto log messages stack.	[MsgId: MMSG-10544]


Start auto log messages stack - Iteration 45.	[MsgId: MMSG-10545]
Action.c(258): web_add_auto_header("X-Requested-With") was successful  	[MsgId: MMSG-26392]
Action.c(261): web_custom_request("GetCountriesRequest") started  	[MsgId: MMSG-26355]
Action.c(261): web_custom_request("GetCountriesRequest") was successful, 4184 body bytes, 761 header bytes  	[MsgId: MMSG-26386]
Action.c(274): web_add_header("SOAPAction") started  	[MsgId: MMSG-26355]
Action.c(274): web_add_header("SOAPAction") was successful  	[MsgId: MMSG-26392]
Action.c(277): web_reg_find started  	[MsgId: MMSG-26355]
Action.c(277): Registering web_reg_find was successful  	[MsgId: MMSG-26390]
Action.c(282): web_custom_request("AccountCreateRequest") started  	[MsgId: MMSG-26355]
Action.c(282): Error -26366: "Text=<ns2:success>true</ns2:success>" not found for web_reg_find  	[MsgId: MERR-26366]
End auto log messages stack.	[MsgId: MMSG-10544]


Start auto log messages stack - Iteration 48.	[MsgId: MMSG-10545]
Action.c(258): web_add_auto_header("X-Requested-With") was successful  	[MsgId: MMSG-26392]
Action.c(261): web_custom_request("GetCountriesRequest") started  	[MsgId: MMSG-26355]
Action.c(261): web_custom_request("GetCountriesRequest") was successful, 4184 body bytes, 761 header bytes  	[MsgId: MMSG-26386]
Action.c(274): web_add_header("SOAPAction") started  	[MsgId: MMSG-26355]
Action.c(274): web_add_header("SOAPAction") was successful  	[MsgId: MMSG-26392]
Action.c(277): web_reg_find started  	[MsgId: MMSG-26355]
Action.c(277): Registering web_reg_find was successful  	[MsgId: MMSG-26390]
Action.c(282): web_custom_request("AccountCreateRequest") started  	[MsgId: MMSG-26355]
Action.c(282): Error -26366: "Text=<ns2:success>true</ns2:success>" not found for web_reg_find  	[MsgId: MERR-26366]
End auto log messages stack.	[MsgId: MMSG-10544]


Start auto log messages stack - Iteration 57.	[MsgId: MMSG-10545]
Action.c(258): web_add_auto_header("X-Requested-With") was successful  	[MsgId: MMSG-26392]
Action.c(261): web_custom_request("GetCountriesRequest") started  	[MsgId: MMSG-26355]
Action.c(261): web_custom_request("GetCountriesRequest") was successful, 4184 body bytes, 761 header bytes  	[MsgId: MMSG-26386]
Action.c(274): web_add_header("SOAPAction") started  	[MsgId: MMSG-26355]
Action.c(274): web_add_header("SOAPAction") was successful  	[MsgId: MMSG-26392]
Action.c(277): web_reg_find started  	[MsgId: MMSG-26355]
Action.c(277): Registering web_reg_find was successful  	[MsgId: MMSG-26390]
Action.c(282): web_custom_request("AccountCreateRequest") started  	[MsgId: MMSG-26355]
Action.c(282): Error -26366: "Text=<ns2:success>true</ns2:success>" not found for web_reg_find  	[MsgId: MERR-26366]
End auto log messages stack.	[MsgId: MMSG-10544]


Start auto log messages stack - Iteration 78.	[MsgId: MMSG-10545]
Action.c(258): web_add_auto_header("X-Requested-With") was successful  	[MsgId: MMSG-26392]
Action.c(261): web_custom_request("GetCountriesRequest") started  	[MsgId: MMSG-26355]
Action.c(261): web_custom_request("GetCountriesRequest") was successful, 4184 body bytes, 761 header bytes  	[MsgId: MMSG-26386]
Action.c(274): web_add_header("SOAPAction") started  	[MsgId: MMSG-26355]
Action.c(274): web_add_header("SOAPAction") was successful  	[MsgId: MMSG-26392]
Action.c(277): web_reg_find started  	[MsgId: MMSG-26355]
Action.c(277): Registering web_reg_find was successful  	[MsgId: MMSG-26390]
Action.c(282): web_custom_request("AccountCreateRequest") started  	[MsgId: MMSG-26355]
Action.c(282): Error -26366: "Text=<ns2:success>true</ns2:success>" not found for web_reg_find  	[MsgId: MERR-26366]
End auto log messages stack.	[MsgId: MMSG-10544]


Start auto log messages stack - Iteration 82.	[MsgId: MMSG-10545]
Action.c(258): web_add_auto_header("X-Requested-With") was successful  	[MsgId: MMSG-26392]
Action.c(261): web_custom_request("GetCountriesRequest") started  	[MsgId: MMSG-26355]
Action.c(261): web_custom_request("GetCountriesRequest") was successful, 4184 body bytes, 761 header bytes  	[MsgId: MMSG-26386]
Action.c(274): web_add_header("SOAPAction") started  	[MsgId: MMSG-26355]
Action.c(274): web_add_header("SOAPAction") was successful  	[MsgId: MMSG-26392]
Action.c(277): web_reg_find started  	[MsgId: MMSG-26355]
Action.c(277): Registering web_reg_find was successful  	[MsgId: MMSG-26390]
Action.c(282): web_custom_request("AccountCreateRequest") started  	[MsgId: MMSG-26355]
Action.c(282): Error -26366: "Text=<ns2:success>true</ns2:success>" not found for web_reg_find  	[MsgId: MERR-26366]
End auto log messages stack.	[MsgId: MMSG-10544]


Start auto log messages stack - Iteration 88.	[MsgId: MMSG-10545]
Action.c(258): web_add_auto_header("X-Requested-With") was successful  	[MsgId: MMSG-26392]
Action.c(261): web_custom_request("GetCountriesRequest") started  	[MsgId: MMSG-26355]
Action.c(261): web_custom_request("GetCountriesRequest") was successful, 4184 body bytes, 761 header bytes  	[MsgId: MMSG-26386]
Action.c(274): web_add_header("SOAPAction") started  	[MsgId: MMSG-26355]
Action.c(274): web_add_header("SOAPAction") was successful  	[MsgId: MMSG-26392]
Action.c(277): web_reg_find started  	[MsgId: MMSG-26355]
Action.c(277): Registering web_reg_find was successful  	[MsgId: MMSG-26390]
Action.c(282): web_custom_request("AccountCreateRequest") started  	[MsgId: MMSG-26355]
Action.c(282): Error -26366: "Text=<ns2:success>true</ns2:success>" not found for web_reg_find  	[MsgId: MERR-26366]
End auto log messages stack.	[MsgId: MMSG-10544]


Start auto log messages stack - Iteration 91.	[MsgId: MMSG-10545]
Action.c(258): web_add_auto_header("X-Requested-With") was successful  	[MsgId: MMSG-26392]
Action.c(261): web_custom_request("GetCountriesRequest") started  	[MsgId: MMSG-26355]
Action.c(261): web_custom_request("GetCountriesRequest") was successful, 4184 body bytes, 761 header bytes  	[MsgId: MMSG-26386]
Action.c(274): web_add_header("SOAPAction") started  	[MsgId: MMSG-26355]
Action.c(274): web_add_header("SOAPAction") was successful  	[MsgId: MMSG-26392]
Action.c(277): web_reg_find started  	[MsgId: MMSG-26355]
Action.c(277): Registering web_reg_find was successful  	[MsgId: MMSG-26390]
Action.c(282): web_custom_request("AccountCreateRequest") started  	[MsgId: MMSG-26355]
Action.c(282): Error -26366: "Text=<ns2:success>true</ns2:success>" not found for web_reg_find  	[MsgId: MERR-26366]
End auto log messages stack.	[MsgId: MMSG-10544]


