Error: missing newline in C:\Users\wing2\Documents\VuGen\Scripts\UC_4_RegNewUser\..\dataPool\UsersDataAdvantage.dat	[MsgId: MERR-13874]
Error: missing newline in C:\Users\wing2\Documents\VuGen\Scripts\UC_4_RegNewUser\..\dataPool\PayMethod.dat	[MsgId: MERR-13874]
Start auto log messages stack - Iteration 5.	[MsgId: MMSG-10545]
Action.c(371): web_add_header("SOAPAction") started  	[MsgId: MMSG-26355]
Action.c(371): web_add_header("SOAPAction") was successful  	[MsgId: MMSG-26392]
Action.c(374): web_add_header("X-Requested-With") started  	[MsgId: MMSG-26355]
Action.c(374): web_add_header("X-Requested-With") was successful  	[MsgId: MMSG-26392]
Action.c(377): web_reg_find started  	[MsgId: MMSG-26355]
Action.c(377): Registering web_reg_find was successful  	[MsgId: MMSG-26390]
Action.c(381): web_custom_request("AccountLogoutRequest") started  	[MsgId: MMSG-26355]
Action.c(381): Notify: Transaction "logout" ended with a "Stop" status (Duration: 9,0346 Wasted Time: 0,0000).	[MsgId: MMSG-16871]
Abort was called from an action.	[MsgId: MMSG-10447]
Ending Vuser...	[MsgId: MMSG-15966]
Starting action vuser_end.	[MsgId: MMSG-15919]
Ending action vuser_end.	[MsgId: MMSG-15918]
Vuser Terminated.	[MsgId: MMSG-15963]
Action.c(381): Error -27760: Request "https://www.advantageonlineshopping.com/accountservice/ws/AccountLogoutRequest" failed  	[MsgId: MERR-27760]
Start auto log messages stack - Iteration 2.	[MsgId: MMSG-10545]
Action.c(343): Warning -26594: The header being added may cause unpredictable results if applied to ALL the URLs generated on behalf of the next script function. It will apply to the primary URL only.  	[MsgId: MWAR-26594]
Action.c(343): web_add_header("Authorization") highest severity level was "warning"  	[MsgId: MMSG-26391]
Action.c(346): web_reg_find started  	[MsgId: MMSG-26355]
Action.c(346): Registering web_reg_find was successful  	[MsgId: MMSG-26390]
Action.c(350): web_url("cart") started  	[MsgId: MMSG-26355]
Action.c(350): Notify: Transaction "logIn" ended with a "Stop" status (Duration: 11,6075 Wasted Time: 0,0002).	[MsgId: MMSG-16871]
Abort was called from an action.	[MsgId: MMSG-10447]
Ending Vuser...	[MsgId: MMSG-15966]
Starting action vuser_end.	[MsgId: MMSG-15919]
Ending action vuser_end.	[MsgId: MMSG-15918]
Vuser Terminated.	[MsgId: MMSG-15963]
Action.c(350): Error -27760: Request "https://www.advantageonlineshopping.com/order/api/v1/carts/437952154" failed  	[MsgId: MERR-27760]
Start auto log messages stack - Iteration 5.	[MsgId: MMSG-10545]
Action.c(343): Warning -26594: The header being added may cause unpredictable results if applied to ALL the URLs generated on behalf of the next script function. It will apply to the primary URL only.  	[MsgId: MWAR-26594]
Action.c(343): web_add_header("Authorization") highest severity level was "warning"  	[MsgId: MMSG-26391]
Action.c(346): web_reg_find started  	[MsgId: MMSG-26355]
Action.c(346): Registering web_reg_find was successful  	[MsgId: MMSG-26390]
Action.c(350): web_url("cart") started  	[MsgId: MMSG-26355]
Action.c(350): Notify: Transaction "logIn" ended with a "Stop" status (Duration: 55,3151 Wasted Time: 0,0003).	[MsgId: MMSG-16871]
Abort was called from an action.	[MsgId: MMSG-10447]
Ending Vuser...	[MsgId: MMSG-15966]
Starting action vuser_end.	[MsgId: MMSG-15919]
Ending action vuser_end.	[MsgId: MMSG-15918]
Vuser Terminated.	[MsgId: MMSG-15963]
Action.c(350): Error -27760: Request "https://www.advantageonlineshopping.com/order/api/v1/carts/757290472" failed  	[MsgId: MERR-27760]
Start auto log messages stack - Iteration 4.	[MsgId: MMSG-10545]
Action.c(306): web_reg_save_param_regexp started  	[MsgId: MMSG-26355]
Action.c(306): Registering web_reg_save_param_regexp was successful  	[MsgId: MMSG-26390]
Action.c(313): web_reg_save_param_regexp started  	[MsgId: MMSG-26355]
Action.c(313): Registering web_reg_save_param_regexp was successful  	[MsgId: MMSG-26390]
Action.c(320): web_reg_find started  	[MsgId: MMSG-26355]
Action.c(320): Registering web_reg_find was successful  	[MsgId: MMSG-26390]
Action.c(324): web_custom_request("AccountLoginRequest") started  	[MsgId: MMSG-26355]
Action.c(324): Notify: Transaction "logIn" ended with a "Stop" status (Duration: 0,1240 Wasted Time: 0,0003).	[MsgId: MMSG-16871]
Abort was called from an action.	[MsgId: MMSG-10447]
Ending Vuser...	[MsgId: MMSG-15966]
Starting action vuser_end.	[MsgId: MMSG-15919]
Ending action vuser_end.	[MsgId: MMSG-15918]
Vuser Terminated.	[MsgId: MMSG-15963]
Action.c(324): Error -27760: Request "https://www.advantageonlineshopping.com/accountservice/ws/AccountLoginRequest" failed  	[MsgId: MERR-27760]
Start auto log messages stack - Iteration 2.	[MsgId: MMSG-10545]
Action.c(343): Warning -26594: The header being added may cause unpredictable results if applied to ALL the URLs generated on behalf of the next script function. It will apply to the primary URL only.  	[MsgId: MWAR-26594]
Action.c(343): web_add_header("Authorization") highest severity level was "warning"  	[MsgId: MMSG-26391]
Action.c(346): web_reg_find started  	[MsgId: MMSG-26355]
Action.c(346): Registering web_reg_find was successful  	[MsgId: MMSG-26390]
Action.c(350): web_url("cart") started  	[MsgId: MMSG-26355]
Action.c(350): Notify: Transaction "logIn" ended with a "Stop" status (Duration: 103,0407 Wasted Time: 0,0002).	[MsgId: MMSG-16871]
Abort was called from an action.	[MsgId: MMSG-10447]
Ending Vuser...	[MsgId: MMSG-15966]
Starting action vuser_end.	[MsgId: MMSG-15919]
Ending action vuser_end.	[MsgId: MMSG-15918]
Vuser Terminated.	[MsgId: MMSG-15963]
Action.c(350): Error -27760: Request "https://www.advantageonlineshopping.com/order/api/v1/carts/228151570" failed  	[MsgId: MERR-27760]
Start auto log messages stack - Iteration 3.	[MsgId: MMSG-10545]
Start auto log messages stack - Iteration 2.	[MsgId: MMSG-10545]
Start auto log messages stack - Iteration 3.	[MsgId: MMSG-10545]
Action.c(343): Warning -26594: The header being added may cause unpredictable results if applied to ALL the URLs generated on behalf of the next script function. It will apply to the primary URL only.  	[MsgId: MWAR-26594]
Action.c(343): web_add_header("Authorization") highest severity level was "warning"  	[MsgId: MMSG-26391]
Action.c(346): web_reg_find started  	[MsgId: MMSG-26355]
Action.c(346): Registering web_reg_find was successful  	[MsgId: MMSG-26390]
Action.c(350): web_url("cart") started  	[MsgId: MMSG-26355]
Action.c(350): Notify: Transaction "logIn" ended with a "Stop" status (Duration: 41,0463 Wasted Time: 0,0004).	[MsgId: MMSG-16871]
Abort was called from an action.	[MsgId: MMSG-10447]
Ending Vuser...	[MsgId: MMSG-15966]
Starting action vuser_end.	[MsgId: MMSG-15919]
Ending action vuser_end.	[MsgId: MMSG-15918]
Vuser Terminated.	[MsgId: MMSG-15963]
Action.c(350): Error -27760: Request "https://www.advantageonlineshopping.com/order/api/v1/carts/890499488" failed  	[MsgId: MERR-27760]
Action.c(343): Warning -26594: The header being added may cause unpredictable results if applied to ALL the URLs generated on behalf of the next script function. It will apply to the primary URL only.  	[MsgId: MWAR-26594]
Action.c(343): web_add_header("Authorization") highest severity level was "warning"  	[MsgId: MMSG-26391]
Action.c(346): web_reg_find started  	[MsgId: MMSG-26355]
Action.c(346): Registering web_reg_find was successful  	[MsgId: MMSG-26390]
Action.c(350): web_url("cart") started  	[MsgId: MMSG-26355]
Action.c(350): Notify: Transaction "logIn" ended with a "Stop" status (Duration: 26,2164 Wasted Time: 0,0002).	[MsgId: MMSG-16871]
Abort was called from an action.	[MsgId: MMSG-10447]
Ending Vuser...	[MsgId: MMSG-15966]
Starting action vuser_end.	[MsgId: MMSG-15919]
Ending action vuser_end.	[MsgId: MMSG-15918]
Vuser Terminated.	[MsgId: MMSG-15963]
Action.c(350): Error -27760: Request "https://www.advantageonlineshopping.com/order/api/v1/carts/278596572" failed  	[MsgId: MERR-27760]
Action.c(343): Warning -26594: The header being added may cause unpredictable results if applied to ALL the URLs generated on behalf of the next script function. It will apply to the primary URL only.  	[MsgId: MWAR-26594]
Action.c(343): web_add_header("Authorization") highest severity level was "warning"  	[MsgId: MMSG-26391]
Action.c(346): web_reg_find started  	[MsgId: MMSG-26355]
Action.c(346): Registering web_reg_find was successful  	[MsgId: MMSG-26390]
Action.c(350): web_url("cart") started  	[MsgId: MMSG-26355]
Action.c(350): Notify: Transaction "logIn" ended with a "Stop" status (Duration: 33,0963 Wasted Time: 0,0003).	[MsgId: MMSG-16871]
Abort was called from an action.	[MsgId: MMSG-10447]
Ending Vuser...	[MsgId: MMSG-15966]
Starting action vuser_end.	[MsgId: MMSG-15919]
Ending action vuser_end.	[MsgId: MMSG-15918]
Vuser Terminated.	[MsgId: MMSG-15963]
Action.c(350): Error -27760: Request "https://www.advantageonlineshopping.com/order/api/v1/carts/587947232" failed  	[MsgId: MERR-27760]
