Start auto log messages stack - Iteration 14.	[MsgId: MMSG-10545]
Action.c(258): Registering web_reg_save_param_json was successful  	[MsgId: MMSG-26390]
Action.c(264): web_add_header("Authorization") started  	[MsgId: MMSG-26355]
Action.c(264): Warning -26594: The header being added may cause unpredictable results if applied to ALL the URLs generated on behalf of the next script function. It will apply to the primary URL only.  	[MsgId: MWAR-26594]
Action.c(264): web_add_header("Authorization") highest severity level was "warning"  	[MsgId: MMSG-26391]
Action.c(268): web_reg_find started  	[MsgId: MMSG-26355]
Action.c(268): Registering web_reg_find was successful  	[MsgId: MMSG-26390]
Action.c(272): web_url("Cartmb") started  	[MsgId: MMSG-26355]
Action.c(272): Error -27644: Step download timeout (120 seconds) has expired when only cross-step downloads (0) were active  	[MsgId: MERR-27644]
End auto log messages stack.	[MsgId: MMSG-10544]


Start auto log messages stack - Iteration 14.	[MsgId: MMSG-10545]
Action.c(272): Aborting pending download of URL="https://www.advantageonlineshopping.com/order/api/v1/carts/526100574" (RelFrameId=1, Internal ID=615)  	[MsgId: MMSG-27649]
Action.c(272): Error -35060: No matches were found for the specified query: "$.sessionId"  	[MsgId: MERR-35060]
Action.c(272): Error -26366: "Text=userId":526100574" not found for web_reg_find  	[MsgId: MERR-26366]
Action.c(272): Error -26374: The above "not found" error(s) may be explained by header and body byte counts being 0 and 0, respectively.  	[MsgId: MERR-26374]
End auto log messages stack.	[MsgId: MMSG-10544]


Start auto log messages stack - Iteration 35.	[MsgId: MMSG-10545]
Action.c(258): Registering web_reg_save_param_json was successful  	[MsgId: MMSG-26390]
Action.c(264): web_add_header("Authorization") started  	[MsgId: MMSG-26355]
Action.c(264): Warning -26594: The header being added may cause unpredictable results if applied to ALL the URLs generated on behalf of the next script function. It will apply to the primary URL only.  	[MsgId: MWAR-26594]
Action.c(264): web_add_header("Authorization") highest severity level was "warning"  	[MsgId: MMSG-26391]
Action.c(268): web_reg_find started  	[MsgId: MMSG-26355]
Action.c(268): Registering web_reg_find was successful  	[MsgId: MMSG-26390]
Action.c(272): web_url("Cartmb") started  	[MsgId: MMSG-26355]
Action.c(272): Error -27644: Step download timeout (120 seconds) has expired when only cross-step downloads (0) were active  	[MsgId: MERR-27644]
End auto log messages stack.	[MsgId: MMSG-10544]


Start auto log messages stack - Iteration 35.	[MsgId: MMSG-10545]
Action.c(272): Aborting pending download of URL="https://www.advantageonlineshopping.com/order/api/v1/carts/441289135" (RelFrameId=1, Internal ID=1539)  	[MsgId: MMSG-27649]
Action.c(272): Error -35060: No matches were found for the specified query: "$.sessionId"  	[MsgId: MERR-35060]
Action.c(272): Error -26366: "Text=userId":441289135" not found for web_reg_find  	[MsgId: MERR-26366]
Action.c(272): Error -26374: The above "not found" error(s) may be explained by header and body byte counts being 0 and 0, respectively.  	[MsgId: MERR-26374]
End auto log messages stack.	[MsgId: MMSG-10544]


Start auto log messages stack - Iteration 41.	[MsgId: MMSG-10545]
Action.c(258): Registering web_reg_save_param_json was successful  	[MsgId: MMSG-26390]
Action.c(264): web_add_header("Authorization") started  	[MsgId: MMSG-26355]
Action.c(264): Warning -26594: The header being added may cause unpredictable results if applied to ALL the URLs generated on behalf of the next script function. It will apply to the primary URL only.  	[MsgId: MWAR-26594]
Action.c(264): web_add_header("Authorization") highest severity level was "warning"  	[MsgId: MMSG-26391]
Action.c(268): web_reg_find started  	[MsgId: MMSG-26355]
Action.c(268): Registering web_reg_find was successful  	[MsgId: MMSG-26390]
Action.c(272): web_url("Cartmb") started  	[MsgId: MMSG-26355]
Action.c(272): Error -27644: Step download timeout (120 seconds) has expired when only cross-step downloads (0) were active  	[MsgId: MERR-27644]
End auto log messages stack.	[MsgId: MMSG-10544]


Start auto log messages stack - Iteration 41.	[MsgId: MMSG-10545]
Action.c(272): Aborting pending download of URL="https://www.advantageonlineshopping.com/order/api/v1/carts/906277672" (RelFrameId=1, Internal ID=1802)  	[MsgId: MMSG-27649]
Action.c(272): Error -35060: No matches were found for the specified query: "$.sessionId"  	[MsgId: MERR-35060]
Action.c(272): Error -26366: "Text=userId":906277672" not found for web_reg_find  	[MsgId: MERR-26366]
Action.c(272): Error -26374: The above "not found" error(s) may be explained by header and body byte counts being 0 and 0, respectively.  	[MsgId: MERR-26374]
End auto log messages stack.	[MsgId: MMSG-10544]


Start auto log messages stack - Iteration 36.	[MsgId: MMSG-10545]
Start auto log messages stack - Iteration 40.	[MsgId: MMSG-10545]
Action.c(307): web_custom_request("AccountLogoutRequest") started  	[MsgId: MMSG-26355]
Action.c(307): Connection to www.advantageonlineshopping.com:443 closed after being inactive for 95 seconds, exceeding the "HTTP Keep-Alive timeout" Runtime Setting (60 seconds). URL="[None]"  	[MsgId: MMSG-27647]
Action.c(307): Connection to www.googletagmanager.com:443 closed after being inactive for 95 seconds, exceeding the "HTTP Keep-Alive timeout" Runtime Setting (60 seconds). URL="[None]"  	[MsgId: MMSG-27647]
Action.c(307): Notify: Transaction "logOut" ended with a "Stop" status (Duration: 1,2562 Wasted Time: 0,0000).	[MsgId: MMSG-16871]
Action.c(307): Notify: Transaction "UC_1_logIn" ended with a "Stop" status (Duration: 96,9017 Think Time: 10,0109 Wasted Time: 0,0133).	[MsgId: MMSG-16870]
Abort was called from an action.	[MsgId: MMSG-10447]
Ending Vuser...	[MsgId: MMSG-15966]
Starting action vuser_end.	[MsgId: MMSG-15919]
Ending action vuser_end.	[MsgId: MMSG-15918]
Vuser Terminated.	[MsgId: MMSG-15963]
Action.c(307): Error -27760: Request "https://www.advantageonlineshopping.com/accountservice/ws/AccountLogoutRequest" failed  	[MsgId: MERR-27760]
Action.c(307): web_custom_request("AccountLogoutRequest") started  	[MsgId: MMSG-26355]
Action.c(307): Connection to www.advantageonlineshopping.com:443 closed after being inactive for 98 seconds, exceeding the "HTTP Keep-Alive timeout" Runtime Setting (60 seconds). URL="[None]"  	[MsgId: MMSG-27647]
Action.c(307): Connection to www.googletagmanager.com:443 closed after being inactive for 98 seconds, exceeding the "HTTP Keep-Alive timeout" Runtime Setting (60 seconds). URL="[None]"  	[MsgId: MMSG-27647]
Action.c(307): Notify: Transaction "logOut" ended with a "Stop" status (Duration: 0,4704 Wasted Time: 0,0000).	[MsgId: MMSG-16871]
Action.c(307): Notify: Transaction "UC_1_logIn" ended with a "Stop" status (Duration: 99,1290 Think Time: 10,0214 Wasted Time: 0,0106).	[MsgId: MMSG-16870]
Abort was called from an action.	[MsgId: MMSG-10447]
Ending Vuser...	[MsgId: MMSG-15966]
Starting action vuser_end.	[MsgId: MMSG-15919]
Ending action vuser_end.	[MsgId: MMSG-15918]
Vuser Terminated.	[MsgId: MMSG-15963]
Action.c(307): Error -27760: Request "https://www.advantageonlineshopping.com/accountservice/ws/AccountLogoutRequest" failed  	[MsgId: MERR-27760]
