Start auto log messages stack - Iteration 19.	[MsgId: MMSG-10545]
Action.c(297): web_add_header("SOAPAction") was successful  	[MsgId: MMSG-26392]
Action.c(300): web_add_header("X-Requested-With") started  	[MsgId: MMSG-26355]
Action.c(300): web_add_header("X-Requested-With") was successful  	[MsgId: MMSG-26392]
Action.c(303): web_reg_find started  	[MsgId: MMSG-26355]
Action.c(303): Registering web_reg_find was successful  	[MsgId: MMSG-26390]
Action.c(307): web_custom_request("AccountLogoutRequest") started  	[MsgId: MMSG-26355]
Action.c(307): Notify: Transaction "logOut" ended with a "Stop" status (Duration: 3,7511 Wasted Time: 0,0000).	[MsgId: MMSG-16871]
Action.c(307): Notify: Transaction "UC_1_logIn" ended with a "Stop" status (Duration: 53,6054 Think Time: 10,0023 Wasted Time: 0,0079).	[MsgId: MMSG-16870]
Abort was called from an action.	[MsgId: MMSG-10447]
Ending Vuser...	[MsgId: MMSG-15966]
Starting action vuser_end.	[MsgId: MMSG-15919]
Ending action vuser_end.	[MsgId: MMSG-15918]
Vuser Terminated.	[MsgId: MMSG-15963]
Action.c(307): Error -27760: Request "https://www.advantageonlineshopping.com/accountservice/ws/AccountLogoutRequest" failed  	[MsgId: MERR-27760]
Start auto log messages stack - Iteration 19.	[MsgId: MMSG-10545]
Start auto log messages stack - Iteration 18.	[MsgId: MMSG-10545]
Action.c(297): web_add_header("SOAPAction") was successful  	[MsgId: MMSG-26392]
Action.c(300): web_add_header("X-Requested-With") started  	[MsgId: MMSG-26355]
Action.c(300): web_add_header("X-Requested-With") was successful  	[MsgId: MMSG-26392]
Action.c(303): web_reg_find started  	[MsgId: MMSG-26355]
Action.c(303): Registering web_reg_find was successful  	[MsgId: MMSG-26390]
Action.c(307): web_custom_request("AccountLogoutRequest") started  	[MsgId: MMSG-26355]
Action.c(307): Notify: Transaction "logOut" ended with a "Stop" status (Duration: 3,5346 Wasted Time: 0,0000).	[MsgId: MMSG-16871]
Action.c(307): Notify: Transaction "UC_1_logIn" ended with a "Stop" status (Duration: 54,9552 Think Time: 10,0142 Wasted Time: 0,0079).	[MsgId: MMSG-16870]
Abort was called from an action.	[MsgId: MMSG-10447]
Ending Vuser...	[MsgId: MMSG-15966]
Starting action vuser_end.	[MsgId: MMSG-15919]
Ending action vuser_end.	[MsgId: MMSG-15918]
Vuser Terminated.	[MsgId: MMSG-15963]
Action.c(307): Error -27760: Request "https://www.advantageonlineshopping.com/accountservice/ws/AccountLogoutRequest" failed  	[MsgId: MERR-27760]
Action.c(297): web_add_header("SOAPAction") was successful  	[MsgId: MMSG-26392]
Action.c(300): web_add_header("X-Requested-With") started  	[MsgId: MMSG-26355]
Action.c(300): web_add_header("X-Requested-With") was successful  	[MsgId: MMSG-26392]
Action.c(303): web_reg_find started  	[MsgId: MMSG-26355]
Action.c(303): Registering web_reg_find was successful  	[MsgId: MMSG-26390]
Action.c(307): web_custom_request("AccountLogoutRequest") started  	[MsgId: MMSG-26355]
Action.c(307): Notify: Transaction "logOut" ended with a "Stop" status (Duration: 2,6753 Wasted Time: 0,0000).	[MsgId: MMSG-16871]
Action.c(307): Notify: Transaction "UC_1_logIn" ended with a "Stop" status (Duration: 50,5665 Think Time: 10,0144 Wasted Time: 0,0075).	[MsgId: MMSG-16870]
Abort was called from an action.	[MsgId: MMSG-10447]
Ending Vuser...	[MsgId: MMSG-15966]
Starting action vuser_end.	[MsgId: MMSG-15919]
Ending action vuser_end.	[MsgId: MMSG-15918]
Vuser Terminated.	[MsgId: MMSG-15963]
Action.c(307): Error -27760: Request "https://www.advantageonlineshopping.com/accountservice/ws/AccountLogoutRequest" failed  	[MsgId: MERR-27760]
