Start auto log messages stack - Iteration 4.	[MsgId: MMSG-10545]
Action.c(727): web_remove/revert_auto_header("X-Requested-With") was successful  	[MsgId: MMSG-26392]
Action.c(729): web_add_header("Authorization") started  	[MsgId: MMSG-26355]
Action.c(729): Warning -26594: The header being added may cause unpredictable results if applied to ALL the URLs generated on behalf of the next script function. It will apply to the primary URL only.  	[MsgId: MWAR-26594]
Action.c(729): web_add_header("Authorization") highest severity level was "warning"  	[MsgId: MMSG-26391]
Action.c(732): web_reg_find started  	[MsgId: MMSG-26355]
Action.c(732): Registering web_reg_find was successful  	[MsgId: MMSG-26390]
Action.c(735): web_custom_request("Oplata") started  	[MsgId: MMSG-26355]
Action.c(735): Error -26622: HTTP Status-Code=409 (Conflict) for "https://www.advantageonlineshopping.com/order/api/v1/orders/users/444077019"  	[MsgId: MERR-26622]
Action.c(735): Error -26366: "Text=success":true" not found for web_reg_find  	[MsgId: MERR-26366]
End auto log messages stack.	[MsgId: MMSG-10544]


Start auto log messages stack - Iteration 4.	[MsgId: MMSG-10545]
Action.c(727): web_remove/revert_auto_header("X-Requested-With") was successful  	[MsgId: MMSG-26392]
Action.c(729): web_add_header("Authorization") started  	[MsgId: MMSG-26355]
Action.c(729): Warning -26594: The header being added may cause unpredictable results if applied to ALL the URLs generated on behalf of the next script function. It will apply to the primary URL only.  	[MsgId: MWAR-26594]
Action.c(729): web_add_header("Authorization") highest severity level was "warning"  	[MsgId: MMSG-26391]
Action.c(732): web_reg_find started  	[MsgId: MMSG-26355]
Action.c(732): Registering web_reg_find was successful  	[MsgId: MMSG-26390]
Action.c(735): web_custom_request("Oplata") started  	[MsgId: MMSG-26355]
Action.c(735): Error -26622: HTTP Status-Code=409 (Conflict) for "https://www.advantageonlineshopping.com/order/api/v1/orders/users/444077019"  	[MsgId: MERR-26622]
Action.c(735): Error -26366: "Text=success":true" not found for web_reg_find  	[MsgId: MERR-26366]
End auto log messages stack.	[MsgId: MMSG-10544]


Start auto log messages stack - Iteration 4.	[MsgId: MMSG-10545]
Action.c(727): web_remove/revert_auto_header("X-Requested-With") was successful  	[MsgId: MMSG-26392]
Action.c(729): web_add_header("Authorization") started  	[MsgId: MMSG-26355]
Action.c(729): Warning -26594: The header being added may cause unpredictable results if applied to ALL the URLs generated on behalf of the next script function. It will apply to the primary URL only.  	[MsgId: MWAR-26594]
Action.c(729): web_add_header("Authorization") highest severity level was "warning"  	[MsgId: MMSG-26391]
Action.c(732): web_reg_find started  	[MsgId: MMSG-26355]
Action.c(732): Registering web_reg_find was successful  	[MsgId: MMSG-26390]
Action.c(735): web_custom_request("Oplata") started  	[MsgId: MMSG-26355]
Action.c(735): Error -26622: HTTP Status-Code=409 (Conflict) for "https://www.advantageonlineshopping.com/order/api/v1/orders/users/444077019"  	[MsgId: MERR-26622]
Action.c(735): Error -26366: "Text=success":true" not found for web_reg_find  	[MsgId: MERR-26366]
End auto log messages stack.	[MsgId: MMSG-10544]


Start auto log messages stack - Iteration 3.	[MsgId: MMSG-10545]
Action.c(569): Warning -26594: The header being added may cause unpredictable results if applied to ALL the URLs generated on behalf of the next script function. It will apply to the primary URL only.  	[MsgId: MWAR-26594]
Action.c(569): web_add_header("Authorization") highest severity level was "warning"  	[MsgId: MMSG-26391]
Action.c(573): web_reg_save_param_regexp started  	[MsgId: MMSG-26355]
Action.c(573): Registering web_reg_save_param_regexp was successful  	[MsgId: MMSG-26390]
Action.c(580): web_reg_find started  	[MsgId: MMSG-26355]
Action.c(580): Registering web_reg_find was successful  	[MsgId: MMSG-26390]
Action.c(582): web_url("559529690_3") started  	[MsgId: MMSG-26355]
Action.c(582): Error -35049: No match found for the requested parameter "price". Check whether the requested regular expression exists in the response data  	[MsgId: MERR-35049]
End auto log messages stack.	[MsgId: MMSG-10544]


Start auto log messages stack - Iteration 4.	[MsgId: MMSG-10545]
Action.c(569): Warning -26594: The header being added may cause unpredictable results if applied to ALL the URLs generated on behalf of the next script function. It will apply to the primary URL only.  	[MsgId: MWAR-26594]
Action.c(569): web_add_header("Authorization") highest severity level was "warning"  	[MsgId: MMSG-26391]
Action.c(573): web_reg_save_param_regexp started  	[MsgId: MMSG-26355]
Action.c(573): Registering web_reg_save_param_regexp was successful  	[MsgId: MMSG-26390]
Action.c(580): web_reg_find started  	[MsgId: MMSG-26355]
Action.c(580): Registering web_reg_find was successful  	[MsgId: MMSG-26390]
Action.c(582): web_url("559529690_3") started  	[MsgId: MMSG-26355]
Action.c(582): Error -35049: No match found for the requested parameter "price". Check whether the requested regular expression exists in the response data  	[MsgId: MERR-35049]
End auto log messages stack.	[MsgId: MMSG-10544]


Start auto log messages stack - Iteration 4.	[MsgId: MMSG-10545]
Action.c(359): Registering web_reg_find was successful  	[MsgId: MMSG-26390]
Action.c(362): web_url("category-page.html") started  	[MsgId: MMSG-26355]
Action.c(362): Registered web_reg_find successful for "Text=categoryData" (count=10)  	[MsgId: MMSG-26364]
Action.c(362): web_url("category-page.html") was successful, 741 body bytes, 361 header bytes  	[MsgId: MMSG-26386]
Action.c(379): web_reg_save_param_regexp started  	[MsgId: MMSG-26355]
Action.c(379): Registering web_reg_save_param_regexp was successful  	[MsgId: MMSG-26390]
Action.c(388): web_url("20") started  	[MsgId: MMSG-26355]
Action.c(388): web_url("20") was successful, 399 body bytes, 375 header bytes  	[MsgId: MMSG-26386]
Action.c(407): Error (-17991): Failed to add item to mfifo data structure.	[MsgId: MERR-17991]
End auto log messages stack.	[MsgId: MMSG-10544]


Start auto log messages stack - Iteration 4.	[MsgId: MMSG-10545]
Action.c(727): web_remove/revert_auto_header("X-Requested-With") was successful  	[MsgId: MMSG-26392]
Action.c(729): web_add_header("Authorization") started  	[MsgId: MMSG-26355]
Action.c(729): Warning -26594: The header being added may cause unpredictable results if applied to ALL the URLs generated on behalf of the next script function. It will apply to the primary URL only.  	[MsgId: MWAR-26594]
Action.c(729): web_add_header("Authorization") highest severity level was "warning"  	[MsgId: MMSG-26391]
Action.c(732): web_reg_find started  	[MsgId: MMSG-26355]
Action.c(732): Registering web_reg_find was successful  	[MsgId: MMSG-26390]
Action.c(735): web_custom_request("Oplata") started  	[MsgId: MMSG-26355]
Action.c(735): Error -26622: HTTP Status-Code=409 (Conflict) for "https://www.advantageonlineshopping.com/order/api/v1/orders/users/444077019"  	[MsgId: MERR-26622]
Action.c(735): Error -26366: "Text=success":true" not found for web_reg_find  	[MsgId: MERR-26366]
End auto log messages stack.	[MsgId: MMSG-10544]


Start auto log messages stack - Iteration 3.	[MsgId: MMSG-10545]
Action.c(569): Warning -26594: The header being added may cause unpredictable results if applied to ALL the URLs generated on behalf of the next script function. It will apply to the primary URL only.  	[MsgId: MWAR-26594]
Action.c(569): web_add_header("Authorization") highest severity level was "warning"  	[MsgId: MMSG-26391]
Action.c(573): web_reg_save_param_regexp started  	[MsgId: MMSG-26355]
Action.c(573): Registering web_reg_save_param_regexp was successful  	[MsgId: MMSG-26390]
Action.c(580): web_reg_find started  	[MsgId: MMSG-26355]
Action.c(580): Registering web_reg_find was successful  	[MsgId: MMSG-26390]
Action.c(582): web_url("559529690_3") started  	[MsgId: MMSG-26355]
Action.c(582): Error -35049: No match found for the requested parameter "price". Check whether the requested regular expression exists in the response data  	[MsgId: MERR-35049]
End auto log messages stack.	[MsgId: MMSG-10544]


Start auto log messages stack - Iteration 1.	[MsgId: MMSG-10545]
Action.c(727): web_remove/revert_auto_header("X-Requested-With") was successful  	[MsgId: MMSG-26392]
Action.c(729): web_add_header("Authorization") started  	[MsgId: MMSG-26355]
Action.c(729): Warning -26594: The header being added may cause unpredictable results if applied to ALL the URLs generated on behalf of the next script function. It will apply to the primary URL only.  	[MsgId: MWAR-26594]
Action.c(729): web_add_header("Authorization") highest severity level was "warning"  	[MsgId: MMSG-26391]
Action.c(732): web_reg_find started  	[MsgId: MMSG-26355]
Action.c(732): Registering web_reg_find was successful  	[MsgId: MMSG-26390]
Action.c(735): web_custom_request("Oplata") started  	[MsgId: MMSG-26355]
Action.c(735): Error -27644: Step download timeout (120 seconds) has expired when only cross-step downloads (0) were active  	[MsgId: MERR-27644]
End auto log messages stack.	[MsgId: MMSG-10544]


Start auto log messages stack - Iteration 1.	[MsgId: MMSG-10545]
Action.c(735): Aborting pending download of URL="https://www.advantageonlineshopping.com/order/api/v1/orders/users/570517106" (RelFrameId=1, Internal ID=63)  	[MsgId: MMSG-27649]
Action.c(735): Error -26366: "Text=success":true" not found for web_reg_find  	[MsgId: MERR-26366]
Action.c(735): Error -26374: The above "not found" error(s) may be explained by header and body byte counts being 0 and 0, respectively.  	[MsgId: MERR-26374]
End auto log messages stack.	[MsgId: MMSG-10544]


Start auto log messages stack - Iteration 1.	[MsgId: MMSG-10545]
Action.c(569): Warning -26594: The header being added may cause unpredictable results if applied to ALL the URLs generated on behalf of the next script function. It will apply to the primary URL only.  	[MsgId: MWAR-26594]
Action.c(569): web_add_header("Authorization") highest severity level was "warning"  	[MsgId: MMSG-26391]
Action.c(573): web_reg_save_param_regexp started  	[MsgId: MMSG-26355]
Action.c(573): Registering web_reg_save_param_regexp was successful  	[MsgId: MMSG-26390]
Action.c(580): web_reg_find started  	[MsgId: MMSG-26355]
Action.c(580): Registering web_reg_find was successful  	[MsgId: MMSG-26390]
Action.c(582): web_url("559529690_3") started  	[MsgId: MMSG-26355]
Action.c(582): Error -35049: No match found for the requested parameter "price". Check whether the requested regular expression exists in the response data  	[MsgId: MERR-35049]
End auto log messages stack.	[MsgId: MMSG-10544]


Start auto log messages stack - Iteration 6.	[MsgId: MMSG-10545]
Action.c(476): Warning -26594: The header being added may cause unpredictable results if applied to ALL the URLs generated on behalf of the next script function. It will apply to the primary URL only.  	[MsgId: MWAR-26594]
Action.c(476): web_add_header("Authorization") highest severity level was "warning"  	[MsgId: MMSG-26391]
Action.c(480): web_reg_save_param_regexp started  	[MsgId: MMSG-26355]
Action.c(480): Registering web_reg_save_param_regexp was successful  	[MsgId: MMSG-26390]
Action.c(486): web_reg_find started  	[MsgId: MMSG-26355]
Action.c(486): Registering web_reg_find was successful  	[MsgId: MMSG-26390]
Action.c(492): web_submit_data("414141") started  	[MsgId: MMSG-26355]
Action.c(492): Error -27644: Step download timeout (120 seconds) has expired when only cross-step downloads (0) were active  	[MsgId: MERR-27644]
End auto log messages stack.	[MsgId: MMSG-10544]


Start auto log messages stack - Iteration 6.	[MsgId: MMSG-10545]
Action.c(492): Aborting pending download of URL="https://www.advantageonlineshopping.com/order/api/v1/carts/892403873/product/3/color/414141?quantity=1" (RelFrameId=1, Internal ID=379)  	[MsgId: MMSG-27649]
Action.c(492): Error -35049: No match found for the requested parameter "HasWar". Check whether the requested regular expression exists in the response data  	[MsgId: MERR-35049]
Action.c(492): Error -26366: "Text=productId":3" not found for web_reg_find  	[MsgId: MERR-26366]
Action.c(492): Error -26374: The above "not found" error(s) may be explained by header and body byte counts being 0 and 0, respectively.  	[MsgId: MERR-26374]
End auto log messages stack.	[MsgId: MMSG-10544]


Start auto log messages stack - Iteration 10.	[MsgId: MMSG-10545]
Action.c(727): web_remove/revert_auto_header("X-Requested-With") was successful  	[MsgId: MMSG-26392]
Action.c(729): web_add_header("Authorization") started  	[MsgId: MMSG-26355]
Action.c(729): Warning -26594: The header being added may cause unpredictable results if applied to ALL the URLs generated on behalf of the next script function. It will apply to the primary URL only.  	[MsgId: MWAR-26594]
Action.c(729): web_add_header("Authorization") highest severity level was "warning"  	[MsgId: MMSG-26391]
Action.c(732): web_reg_find started  	[MsgId: MMSG-26355]
Action.c(732): Registering web_reg_find was successful  	[MsgId: MMSG-26390]
Action.c(735): web_custom_request("Oplata") started  	[MsgId: MMSG-26355]
Action.c(735): Error -27644: Step download timeout (120 seconds) has expired when only cross-step downloads (0) were active  	[MsgId: MERR-27644]
End auto log messages stack.	[MsgId: MMSG-10544]


Start auto log messages stack - Iteration 10.	[MsgId: MMSG-10545]
Action.c(735): Aborting pending download of URL="https://www.advantageonlineshopping.com/order/api/v1/orders/users/952698632" (RelFrameId=1, Internal ID=646)  	[MsgId: MMSG-27649]
Action.c(735): Error -26366: "Text=success":true" not found for web_reg_find  	[MsgId: MERR-26366]
Action.c(735): Error -26374: The above "not found" error(s) may be explained by header and body byte counts being 0 and 0, respectively.  	[MsgId: MERR-26374]
End auto log messages stack.	[MsgId: MMSG-10544]


Start auto log messages stack - Iteration 1.	[MsgId: MMSG-10545]
Action.c(569): Warning -26594: The header being added may cause unpredictable results if applied to ALL the URLs generated on behalf of the next script function. It will apply to the primary URL only.  	[MsgId: MWAR-26594]
Action.c(569): web_add_header("Authorization") highest severity level was "warning"  	[MsgId: MMSG-26391]
Action.c(573): web_reg_save_param_regexp started  	[MsgId: MMSG-26355]
Action.c(573): Registering web_reg_save_param_regexp was successful  	[MsgId: MMSG-26390]
Action.c(580): web_reg_find started  	[MsgId: MMSG-26355]
Action.c(580): Registering web_reg_find was successful  	[MsgId: MMSG-26390]
Action.c(582): web_url("559529690_3") started  	[MsgId: MMSG-26355]
Action.c(582): Error -35049: No match found for the requested parameter "price". Check whether the requested regular expression exists in the response data  	[MsgId: MERR-35049]
End auto log messages stack.	[MsgId: MMSG-10544]


Start auto log messages stack - Iteration 4.	[MsgId: MMSG-10545]
Action.c(729): Warning -26594: The header being added may cause unpredictable results if applied to ALL the URLs generated on behalf of the next script function. It will apply to the primary URL only.  	[MsgId: MWAR-26594]
Action.c(729): web_add_header("Authorization") highest severity level was "warning"  	[MsgId: MMSG-26391]
Action.c(732): web_reg_find started  	[MsgId: MMSG-26355]
Action.c(732): Registering web_reg_find was successful  	[MsgId: MMSG-26390]
Action.c(735): web_custom_request("Oplata") started  	[MsgId: MMSG-26355]
Action.c(735): Connection to www.advantageonlineshopping.com:443 closed after being inactive for 60 seconds, exceeding the "HTTP Keep-Alive timeout" Runtime Setting (60 seconds). URL="[None]"  	[MsgId: MMSG-27647]
Action.c(735): Error -26622: HTTP Status-Code=409 (Conflict) for "https://www.advantageonlineshopping.com/order/api/v1/orders/users/444077019"  	[MsgId: MERR-26622]
Action.c(735): Error -26366: "Text=success":true" not found for web_reg_find  	[MsgId: MERR-26366]
End auto log messages stack.	[MsgId: MMSG-10544]


Start auto log messages stack - Iteration 2.	[MsgId: MMSG-10545]
Action.c(569): Warning -26594: The header being added may cause unpredictable results if applied to ALL the URLs generated on behalf of the next script function. It will apply to the primary URL only.  	[MsgId: MWAR-26594]
Action.c(569): web_add_header("Authorization") highest severity level was "warning"  	[MsgId: MMSG-26391]
Action.c(573): web_reg_save_param_regexp started  	[MsgId: MMSG-26355]
Action.c(573): Registering web_reg_save_param_regexp was successful  	[MsgId: MMSG-26390]
Action.c(580): web_reg_find started  	[MsgId: MMSG-26355]
Action.c(580): Registering web_reg_find was successful  	[MsgId: MMSG-26390]
Action.c(582): web_url("559529690_3") started  	[MsgId: MMSG-26355]
Action.c(582): Error -35049: No match found for the requested parameter "price". Check whether the requested regular expression exists in the response data  	[MsgId: MERR-35049]
End auto log messages stack.	[MsgId: MMSG-10544]


Start auto log messages stack - Iteration 6.	[MsgId: MMSG-10545]
Action.c(727): web_remove/revert_auto_header("X-Requested-With") was successful  	[MsgId: MMSG-26392]
Action.c(729): web_add_header("Authorization") started  	[MsgId: MMSG-26355]
Action.c(729): Warning -26594: The header being added may cause unpredictable results if applied to ALL the URLs generated on behalf of the next script function. It will apply to the primary URL only.  	[MsgId: MWAR-26594]
Action.c(729): web_add_header("Authorization") highest severity level was "warning"  	[MsgId: MMSG-26391]
Action.c(732): web_reg_find started  	[MsgId: MMSG-26355]
Action.c(732): Registering web_reg_find was successful  	[MsgId: MMSG-26390]
Action.c(735): web_custom_request("Oplata") started  	[MsgId: MMSG-26355]
Action.c(735): Error -27644: Step download timeout (120 seconds) has expired when only cross-step downloads (0) were active  	[MsgId: MERR-27644]
End auto log messages stack.	[MsgId: MMSG-10544]


Start auto log messages stack - Iteration 6.	[MsgId: MMSG-10545]
Action.c(735): Aborting pending download of URL="https://www.advantageonlineshopping.com/order/api/v1/orders/users/892403873" (RelFrameId=1, Internal ID=372)  	[MsgId: MMSG-27649]
Action.c(735): Error -26366: "Text=success":true" not found for web_reg_find  	[MsgId: MERR-26366]
Action.c(735): Error -26374: The above "not found" error(s) may be explained by header and body byte counts being 0 and 0, respectively.  	[MsgId: MERR-26374]
End auto log messages stack.	[MsgId: MMSG-10544]


Start auto log messages stack - Iteration 3.	[MsgId: MMSG-10545]
Action.c(735): web_custom_request("Oplata") was successful, 163 body bytes, 492 header bytes  	[MsgId: MMSG-26386]
Action.c(750): web_add_header("Authorization") started  	[MsgId: MMSG-26355]
Action.c(750): Warning -26594: The header being added may cause unpredictable results if applied to ALL the URLs generated on behalf of the next script function. It will apply to the primary URL only.  	[MsgId: MWAR-26594]
Action.c(750): web_add_header("Authorization") highest severity level was "warning"  	[MsgId: MMSG-26391]
Action.c(753): web_reg_find started  	[MsgId: MMSG-26355]
Action.c(753): Registering web_reg_find was successful  	[MsgId: MMSG-26390]
Action.c(758): web_custom_request("559529690_5") started  	[MsgId: MMSG-26355]
Action.c(758): Error -27644: Step download timeout (120 seconds) has expired when only cross-step downloads (0) were active  	[MsgId: MERR-27644]
End auto log messages stack.	[MsgId: MMSG-10544]


Start auto log messages stack - Iteration 3.	[MsgId: MMSG-10545]
Action.c(758): Aborting pending download of URL="https://www.advantageonlineshopping.com/order/api/v1/carts/525751637" (RelFrameId=1, Internal ID=186)  	[MsgId: MMSG-27649]
Action.c(758): Error -26366: "Text="productsInCart":[]" not found for web_reg_find  	[MsgId: MERR-26366]
Action.c(758): Error -26374: The above "not found" error(s) may be explained by header and body byte counts being 0 and 0, respectively.  	[MsgId: MERR-26374]
End auto log messages stack.	[MsgId: MMSG-10544]


Start auto log messages stack - Iteration 5.	[MsgId: MMSG-10545]
Action.c(727): web_remove/revert_auto_header("X-Requested-With") was successful  	[MsgId: MMSG-26392]
Action.c(729): web_add_header("Authorization") started  	[MsgId: MMSG-26355]
Action.c(729): Warning -26594: The header being added may cause unpredictable results if applied to ALL the URLs generated on behalf of the next script function. It will apply to the primary URL only.  	[MsgId: MWAR-26594]
Action.c(729): web_add_header("Authorization") highest severity level was "warning"  	[MsgId: MMSG-26391]
Action.c(732): web_reg_find started  	[MsgId: MMSG-26355]
Action.c(732): Registering web_reg_find was successful  	[MsgId: MMSG-26390]
Action.c(735): web_custom_request("Oplata") started  	[MsgId: MMSG-26355]
Action.c(735): Error -27644: Step download timeout (120 seconds) has expired when only cross-step downloads (0) were active  	[MsgId: MERR-27644]
End auto log messages stack.	[MsgId: MMSG-10544]


Start auto log messages stack - Iteration 5.	[MsgId: MMSG-10545]
Action.c(735): Aborting pending download of URL="https://www.advantageonlineshopping.com/order/api/v1/orders/users/441289135" (RelFrameId=1, Internal ID=323)  	[MsgId: MMSG-27649]
Action.c(735): Error -26366: "Text=success":true" not found for web_reg_find  	[MsgId: MERR-26366]
Action.c(735): Error -26374: The above "not found" error(s) may be explained by header and body byte counts being 0 and 0, respectively.  	[MsgId: MERR-26374]
End auto log messages stack.	[MsgId: MMSG-10544]


Start auto log messages stack - Iteration 3.	[MsgId: MMSG-10545]
Action.c(727): web_remove/revert_auto_header("X-Requested-With") was successful  	[MsgId: MMSG-26392]
Action.c(729): web_add_header("Authorization") started  	[MsgId: MMSG-26355]
Action.c(729): Warning -26594: The header being added may cause unpredictable results if applied to ALL the URLs generated on behalf of the next script function. It will apply to the primary URL only.  	[MsgId: MWAR-26594]
Action.c(729): web_add_header("Authorization") highest severity level was "warning"  	[MsgId: MMSG-26391]
Action.c(732): web_reg_find started  	[MsgId: MMSG-26355]
Action.c(732): Registering web_reg_find was successful  	[MsgId: MMSG-26390]
Action.c(735): web_custom_request("Oplata") started  	[MsgId: MMSG-26355]
Action.c(735): Error -27644: Step download timeout (120 seconds) has expired when only cross-step downloads (0) were active  	[MsgId: MERR-27644]
End auto log messages stack.	[MsgId: MMSG-10544]


Start auto log messages stack - Iteration 3.	[MsgId: MMSG-10545]
Action.c(735): Aborting pending download of URL="https://www.advantageonlineshopping.com/order/api/v1/orders/users/525751637" (RelFrameId=1, Internal ID=193)  	[MsgId: MMSG-27649]
Action.c(735): Error -26366: "Text=success":true" not found for web_reg_find  	[MsgId: MERR-26366]
Action.c(735): Error -26374: The above "not found" error(s) may be explained by header and body byte counts being 0 and 0, respectively.  	[MsgId: MERR-26374]
End auto log messages stack.	[MsgId: MMSG-10544]


Start auto log messages stack - Iteration 7.	[MsgId: MMSG-10545]
Action.c(727): web_remove/revert_auto_header("X-Requested-With") was successful  	[MsgId: MMSG-26392]
Action.c(729): web_add_header("Authorization") started  	[MsgId: MMSG-26355]
Action.c(729): Warning -26594: The header being added may cause unpredictable results if applied to ALL the URLs generated on behalf of the next script function. It will apply to the primary URL only.  	[MsgId: MWAR-26594]
Action.c(729): web_add_header("Authorization") highest severity level was "warning"  	[MsgId: MMSG-26391]
Action.c(732): web_reg_find started  	[MsgId: MMSG-26355]
Action.c(732): Registering web_reg_find was successful  	[MsgId: MMSG-26390]
Action.c(735): web_custom_request("Oplata") started  	[MsgId: MMSG-26355]
Action.c(735): Error -27644: Step download timeout (120 seconds) has expired when only cross-step downloads (0) were active  	[MsgId: MERR-27644]
End auto log messages stack.	[MsgId: MMSG-10544]


Start auto log messages stack - Iteration 7.	[MsgId: MMSG-10545]
Action.c(735): Aborting pending download of URL="https://www.advantageonlineshopping.com/order/api/v1/orders/users/582943225" (RelFrameId=1, Internal ID=435)  	[MsgId: MMSG-27649]
Action.c(735): Error -26366: "Text=success":true" not found for web_reg_find  	[MsgId: MERR-26366]
Action.c(735): Error -26374: The above "not found" error(s) may be explained by header and body byte counts being 0 and 0, respectively.  	[MsgId: MERR-26374]
End auto log messages stack.	[MsgId: MMSG-10544]


Start auto log messages stack - Iteration 6.	[MsgId: MMSG-10545]
Action.c(727): web_remove/revert_auto_header("X-Requested-With") was successful  	[MsgId: MMSG-26392]
Action.c(729): web_add_header("Authorization") started  	[MsgId: MMSG-26355]
Action.c(729): Warning -26594: The header being added may cause unpredictable results if applied to ALL the URLs generated on behalf of the next script function. It will apply to the primary URL only.  	[MsgId: MWAR-26594]
Action.c(729): web_add_header("Authorization") highest severity level was "warning"  	[MsgId: MMSG-26391]
Action.c(732): web_reg_find started  	[MsgId: MMSG-26355]
Action.c(732): Registering web_reg_find was successful  	[MsgId: MMSG-26390]
Action.c(735): web_custom_request("Oplata") started  	[MsgId: MMSG-26355]
Action.c(735): Error -27644: Step download timeout (120 seconds) has expired when only cross-step downloads (0) were active  	[MsgId: MERR-27644]
End auto log messages stack.	[MsgId: MMSG-10544]


Start auto log messages stack - Iteration 6.	[MsgId: MMSG-10545]
Action.c(735): Aborting pending download of URL="https://www.advantageonlineshopping.com/order/api/v1/orders/users/892403873" (RelFrameId=1, Internal ID=386)  	[MsgId: MMSG-27649]
Action.c(735): Error -26366: "Text=success":true" not found for web_reg_find  	[MsgId: MERR-26366]
Action.c(735): Error -26374: The above "not found" error(s) may be explained by header and body byte counts being 0 and 0, respectively.  	[MsgId: MERR-26374]
End auto log messages stack.	[MsgId: MMSG-10544]


Start auto log messages stack - Iteration 6.	[MsgId: MMSG-10545]
Action.c(727): web_remove/revert_auto_header("X-Requested-With") was successful  	[MsgId: MMSG-26392]
Action.c(729): web_add_header("Authorization") started  	[MsgId: MMSG-26355]
Action.c(729): Warning -26594: The header being added may cause unpredictable results if applied to ALL the URLs generated on behalf of the next script function. It will apply to the primary URL only.  	[MsgId: MWAR-26594]
Action.c(729): web_add_header("Authorization") highest severity level was "warning"  	[MsgId: MMSG-26391]
Action.c(732): web_reg_find started  	[MsgId: MMSG-26355]
Action.c(732): Registering web_reg_find was successful  	[MsgId: MMSG-26390]
Action.c(735): web_custom_request("Oplata") started  	[MsgId: MMSG-26355]
Action.c(735): Error -27644: Step download timeout (120 seconds) has expired when only cross-step downloads (0) were active  	[MsgId: MERR-27644]
End auto log messages stack.	[MsgId: MMSG-10544]


Start auto log messages stack - Iteration 6.	[MsgId: MMSG-10545]
Action.c(735): Aborting pending download of URL="https://www.advantageonlineshopping.com/order/api/v1/orders/users/892403873" (RelFrameId=1, Internal ID=378)  	[MsgId: MMSG-27649]
Action.c(735): Error -26366: "Text=success":true" not found for web_reg_find  	[MsgId: MERR-26366]
Action.c(735): Error -26374: The above "not found" error(s) may be explained by header and body byte counts being 0 and 0, respectively.  	[MsgId: MERR-26374]
End auto log messages stack.	[MsgId: MMSG-10544]


Start auto log messages stack - Iteration 5.	[MsgId: MMSG-10545]
Action.c(265): Registering web_reg_save_param_json was successful  	[MsgId: MMSG-26390]
Action.c(271): web_add_header("Authorization") started  	[MsgId: MMSG-26355]
Action.c(271): Warning -26594: The header being added may cause unpredictable results if applied to ALL the URLs generated on behalf of the next script function. It will apply to the primary URL only.  	[MsgId: MWAR-26594]
Action.c(271): web_add_header("Authorization") highest severity level was "warning"  	[MsgId: MMSG-26391]
Action.c(275): web_reg_find started  	[MsgId: MMSG-26355]
Action.c(275): Registering web_reg_find was successful  	[MsgId: MMSG-26390]
Action.c(279): web_url("Cartmb") started  	[MsgId: MMSG-26355]
Action.c(279): Error -27644: Step download timeout (120 seconds) has expired when only cross-step downloads (0) were active  	[MsgId: MERR-27644]
End auto log messages stack.	[MsgId: MMSG-10544]


Start auto log messages stack - Iteration 5.	[MsgId: MMSG-10545]
Action.c(279): Aborting pending download of URL="https://www.advantageonlineshopping.com/order/api/v1/carts/441289135" (RelFrameId=1, Internal ID=295)  	[MsgId: MMSG-27649]
Action.c(279): Error -35060: No matches were found for the specified query: "$.sessionId"  	[MsgId: MERR-35060]
Action.c(279): Error -26366: "Text=userId":441289135" not found for web_reg_find  	[MsgId: MERR-26366]
Action.c(279): Error -26374: The above "not found" error(s) may be explained by header and body byte counts being 0 and 0, respectively.  	[MsgId: MERR-26374]
End auto log messages stack.	[MsgId: MMSG-10544]


Start auto log messages stack - Iteration 5.	[MsgId: MMSG-10545]
Action.c(569): Warning -26594: The header being added may cause unpredictable results if applied to ALL the URLs generated on behalf of the next script function. It will apply to the primary URL only.  	[MsgId: MWAR-26594]
Action.c(569): web_add_header("Authorization") highest severity level was "warning"  	[MsgId: MMSG-26391]
Action.c(573): web_reg_save_param_regexp started  	[MsgId: MMSG-26355]
Action.c(573): Registering web_reg_save_param_regexp was successful  	[MsgId: MMSG-26390]
Action.c(580): web_reg_find started  	[MsgId: MMSG-26355]
Action.c(580): Registering web_reg_find was successful  	[MsgId: MMSG-26390]
Action.c(582): web_url("559529690_3") started  	[MsgId: MMSG-26355]
Action.c(582): Error -35049: No match found for the requested parameter "price". Check whether the requested regular expression exists in the response data  	[MsgId: MERR-35049]
End auto log messages stack.	[MsgId: MMSG-10544]


Start auto log messages stack - Iteration 8.	[MsgId: MMSG-10545]
Action.c(727): web_remove/revert_auto_header("X-Requested-With") was successful  	[MsgId: MMSG-26392]
Action.c(729): web_add_header("Authorization") started  	[MsgId: MMSG-26355]
Action.c(729): Warning -26594: The header being added may cause unpredictable results if applied to ALL the URLs generated on behalf of the next script function. It will apply to the primary URL only.  	[MsgId: MWAR-26594]
Action.c(729): web_add_header("Authorization") highest severity level was "warning"  	[MsgId: MMSG-26391]
Action.c(732): web_reg_find started  	[MsgId: MMSG-26355]
Action.c(732): Registering web_reg_find was successful  	[MsgId: MMSG-26390]
Action.c(735): web_custom_request("Oplata") started  	[MsgId: MMSG-26355]
Action.c(735): Error -27644: Step download timeout (120 seconds) has expired when only cross-step downloads (0) were active  	[MsgId: MERR-27644]
End auto log messages stack.	[MsgId: MMSG-10544]


Start auto log messages stack - Iteration 8.	[MsgId: MMSG-10545]
Action.c(735): Aborting pending download of URL="https://www.advantageonlineshopping.com/order/api/v1/orders/users/957372986" (RelFrameId=1, Internal ID=498)  	[MsgId: MMSG-27649]
Action.c(735): Error -26366: "Text=success":true" not found for web_reg_find  	[MsgId: MERR-26366]
Action.c(735): Error -26374: The above "not found" error(s) may be explained by header and body byte counts being 0 and 0, respectively.  	[MsgId: MERR-26374]
End auto log messages stack.	[MsgId: MMSG-10544]


Start auto log messages stack - Iteration 6.	[MsgId: MMSG-10545]
Action.c(727): web_remove/revert_auto_header("X-Requested-With") was successful  	[MsgId: MMSG-26392]
Action.c(729): web_add_header("Authorization") started  	[MsgId: MMSG-26355]
Action.c(729): Warning -26594: The header being added may cause unpredictable results if applied to ALL the URLs generated on behalf of the next script function. It will apply to the primary URL only.  	[MsgId: MWAR-26594]
Action.c(729): web_add_header("Authorization") highest severity level was "warning"  	[MsgId: MMSG-26391]
Action.c(732): web_reg_find started  	[MsgId: MMSG-26355]
Action.c(732): Registering web_reg_find was successful  	[MsgId: MMSG-26390]
Action.c(735): web_custom_request("Oplata") started  	[MsgId: MMSG-26355]
Action.c(735): Error -27644: Step download timeout (120 seconds) has expired when only cross-step downloads (0) were active  	[MsgId: MERR-27644]
End auto log messages stack.	[MsgId: MMSG-10544]


Start auto log messages stack - Iteration 6.	[MsgId: MMSG-10545]
Action.c(735): Aborting pending download of URL="https://www.advantageonlineshopping.com/order/api/v1/orders/users/892403873" (RelFrameId=1, Internal ID=388)  	[MsgId: MMSG-27649]
Action.c(735): Error -26366: "Text=success":true" not found for web_reg_find  	[MsgId: MERR-26366]
Action.c(735): Error -26374: The above "not found" error(s) may be explained by header and body byte counts being 0 and 0, respectively.  	[MsgId: MERR-26374]
End auto log messages stack.	[MsgId: MMSG-10544]


Start auto log messages stack - Iteration 9.	[MsgId: MMSG-10545]
Action.c(569): Warning -26594: The header being added may cause unpredictable results if applied to ALL the URLs generated on behalf of the next script function. It will apply to the primary URL only.  	[MsgId: MWAR-26594]
Action.c(569): web_add_header("Authorization") highest severity level was "warning"  	[MsgId: MMSG-26391]
Action.c(573): web_reg_save_param_regexp started  	[MsgId: MMSG-26355]
Action.c(573): Registering web_reg_save_param_regexp was successful  	[MsgId: MMSG-26390]
Action.c(580): web_reg_find started  	[MsgId: MMSG-26355]
Action.c(580): Registering web_reg_find was successful  	[MsgId: MMSG-26390]
Action.c(582): web_url("559529690_3") started  	[MsgId: MMSG-26355]
Action.c(582): Error -35049: No match found for the requested parameter "price". Check whether the requested regular expression exists in the response data  	[MsgId: MERR-35049]
End auto log messages stack.	[MsgId: MMSG-10544]


Start auto log messages stack - Iteration 2.	[MsgId: MMSG-10545]
Action.c(727): web_remove/revert_auto_header("X-Requested-With") was successful  	[MsgId: MMSG-26392]
Action.c(729): web_add_header("Authorization") started  	[MsgId: MMSG-26355]
Action.c(729): Warning -26594: The header being added may cause unpredictable results if applied to ALL the URLs generated on behalf of the next script function. It will apply to the primary URL only.  	[MsgId: MWAR-26594]
Action.c(729): web_add_header("Authorization") highest severity level was "warning"  	[MsgId: MMSG-26391]
Action.c(732): web_reg_find started  	[MsgId: MMSG-26355]
Action.c(732): Registering web_reg_find was successful  	[MsgId: MMSG-26390]
Action.c(735): web_custom_request("Oplata") started  	[MsgId: MMSG-26355]
Action.c(735): Error -27644: Step download timeout (120 seconds) has expired when only cross-step downloads (0) were active  	[MsgId: MERR-27644]
End auto log messages stack.	[MsgId: MMSG-10544]


Start auto log messages stack - Iteration 2.	[MsgId: MMSG-10545]
Action.c(735): Aborting pending download of URL="https://www.advantageonlineshopping.com/order/api/v1/orders/users/150106441" (RelFrameId=1, Internal ID=128)  	[MsgId: MMSG-27649]
Action.c(735): Error -26366: "Text=success":true" not found for web_reg_find  	[MsgId: MERR-26366]
Action.c(735): Error -26374: The above "not found" error(s) may be explained by header and body byte counts being 0 and 0, respectively.  	[MsgId: MERR-26374]
End auto log messages stack.	[MsgId: MMSG-10544]


Start auto log messages stack - Iteration 6.	[MsgId: MMSG-10545]
Action.c(727): web_remove/revert_auto_header("X-Requested-With") was successful  	[MsgId: MMSG-26392]
Action.c(729): web_add_header("Authorization") started  	[MsgId: MMSG-26355]
Action.c(729): Warning -26594: The header being added may cause unpredictable results if applied to ALL the URLs generated on behalf of the next script function. It will apply to the primary URL only.  	[MsgId: MWAR-26594]
Action.c(729): web_add_header("Authorization") highest severity level was "warning"  	[MsgId: MMSG-26391]
Action.c(732): web_reg_find started  	[MsgId: MMSG-26355]
Action.c(732): Registering web_reg_find was successful  	[MsgId: MMSG-26390]
Action.c(735): web_custom_request("Oplata") started  	[MsgId: MMSG-26355]
Action.c(735): Error -27644: Step download timeout (120 seconds) has expired when only cross-step downloads (0) were active  	[MsgId: MERR-27644]
End auto log messages stack.	[MsgId: MMSG-10544]


Start auto log messages stack - Iteration 6.	[MsgId: MMSG-10545]
Action.c(735): Aborting pending download of URL="https://www.advantageonlineshopping.com/order/api/v1/orders/users/892403873" (RelFrameId=1, Internal ID=378)  	[MsgId: MMSG-27649]
Action.c(735): Error -26366: "Text=success":true" not found for web_reg_find  	[MsgId: MERR-26366]
Action.c(735): Error -26374: The above "not found" error(s) may be explained by header and body byte counts being 0 and 0, respectively.  	[MsgId: MERR-26374]
End auto log messages stack.	[MsgId: MMSG-10544]


Start auto log messages stack - Iteration 8.	[MsgId: MMSG-10545]
Action.c(727): web_remove/revert_auto_header("X-Requested-With") was successful  	[MsgId: MMSG-26392]
Action.c(729): web_add_header("Authorization") started  	[MsgId: MMSG-26355]
Action.c(729): Warning -26594: The header being added may cause unpredictable results if applied to ALL the URLs generated on behalf of the next script function. It will apply to the primary URL only.  	[MsgId: MWAR-26594]
Action.c(729): web_add_header("Authorization") highest severity level was "warning"  	[MsgId: MMSG-26391]
Action.c(732): web_reg_find started  	[MsgId: MMSG-26355]
Action.c(732): Registering web_reg_find was successful  	[MsgId: MMSG-26390]
Action.c(735): web_custom_request("Oplata") started  	[MsgId: MMSG-26355]
Action.c(735): Error -27644: Step download timeout (120 seconds) has expired when only cross-step downloads (0) were active  	[MsgId: MERR-27644]
End auto log messages stack.	[MsgId: MMSG-10544]


Start auto log messages stack - Iteration 8.	[MsgId: MMSG-10545]
Action.c(735): Aborting pending download of URL="https://www.advantageonlineshopping.com/order/api/v1/orders/users/957372986" (RelFrameId=1, Internal ID=514)  	[MsgId: MMSG-27649]
Action.c(735): Error -26366: "Text=success":true" not found for web_reg_find  	[MsgId: MERR-26366]
Action.c(735): Error -26374: The above "not found" error(s) may be explained by header and body byte counts being 0 and 0, respectively.  	[MsgId: MERR-26374]
End auto log messages stack.	[MsgId: MMSG-10544]


Start auto log messages stack - Iteration 7.	[MsgId: MMSG-10545]
Action.c(569): Warning -26594: The header being added may cause unpredictable results if applied to ALL the URLs generated on behalf of the next script function. It will apply to the primary URL only.  	[MsgId: MWAR-26594]
Action.c(569): web_add_header("Authorization") highest severity level was "warning"  	[MsgId: MMSG-26391]
Action.c(573): web_reg_save_param_regexp started  	[MsgId: MMSG-26355]
Action.c(573): Registering web_reg_save_param_regexp was successful  	[MsgId: MMSG-26390]
Action.c(580): web_reg_find started  	[MsgId: MMSG-26355]
Action.c(580): Registering web_reg_find was successful  	[MsgId: MMSG-26390]
Action.c(582): web_url("559529690_3") started  	[MsgId: MMSG-26355]
Action.c(582): Error -35049: No match found for the requested parameter "price". Check whether the requested regular expression exists in the response data  	[MsgId: MERR-35049]
End auto log messages stack.	[MsgId: MMSG-10544]


Start auto log messages stack - Iteration 16.	[MsgId: MMSG-10545]
Action.c(727): web_remove/revert_auto_header("X-Requested-With") was successful  	[MsgId: MMSG-26392]
Action.c(729): web_add_header("Authorization") started  	[MsgId: MMSG-26355]
Action.c(729): Warning -26594: The header being added may cause unpredictable results if applied to ALL the URLs generated on behalf of the next script function. It will apply to the primary URL only.  	[MsgId: MWAR-26594]
Action.c(729): web_add_header("Authorization") highest severity level was "warning"  	[MsgId: MMSG-26391]
Action.c(732): web_reg_find started  	[MsgId: MMSG-26355]
Action.c(732): Registering web_reg_find was successful  	[MsgId: MMSG-26390]
Action.c(735): web_custom_request("Oplata") started  	[MsgId: MMSG-26355]
Action.c(735): Error -27644: Step download timeout (120 seconds) has expired when only cross-step downloads (0) were active  	[MsgId: MERR-27644]
End auto log messages stack.	[MsgId: MMSG-10544]


Start auto log messages stack - Iteration 16.	[MsgId: MMSG-10545]
Action.c(735): Aborting pending download of URL="https://www.advantageonlineshopping.com/order/api/v1/orders/users/570517106" (RelFrameId=1, Internal ID=1034)  	[MsgId: MMSG-27649]
Action.c(735): Error -26366: "Text=success":true" not found for web_reg_find  	[MsgId: MERR-26366]
Action.c(735): Error -26374: The above "not found" error(s) may be explained by header and body byte counts being 0 and 0, respectively.  	[MsgId: MERR-26374]
End auto log messages stack.	[MsgId: MMSG-10544]


Start auto log messages stack - Iteration 3.	[MsgId: MMSG-10545]
Action.c(727): web_remove/revert_auto_header("X-Requested-With") was successful  	[MsgId: MMSG-26392]
Action.c(729): web_add_header("Authorization") started  	[MsgId: MMSG-26355]
Action.c(729): Warning -26594: The header being added may cause unpredictable results if applied to ALL the URLs generated on behalf of the next script function. It will apply to the primary URL only.  	[MsgId: MWAR-26594]
Action.c(729): web_add_header("Authorization") highest severity level was "warning"  	[MsgId: MMSG-26391]
Action.c(732): web_reg_find started  	[MsgId: MMSG-26355]
Action.c(732): Registering web_reg_find was successful  	[MsgId: MMSG-26390]
Action.c(735): web_custom_request("Oplata") started  	[MsgId: MMSG-26355]
Action.c(735): Error -27644: Step download timeout (120 seconds) has expired when only cross-step downloads (0) were active  	[MsgId: MERR-27644]
End auto log messages stack.	[MsgId: MMSG-10544]


Start auto log messages stack - Iteration 3.	[MsgId: MMSG-10545]
Action.c(735): Aborting pending download of URL="https://www.advantageonlineshopping.com/order/api/v1/orders/users/525751637" (RelFrameId=1, Internal ID=191)  	[MsgId: MMSG-27649]
Action.c(735): Error -26366: "Text=success":true" not found for web_reg_find  	[MsgId: MERR-26366]
Action.c(735): Error -26374: The above "not found" error(s) may be explained by header and body byte counts being 0 and 0, respectively.  	[MsgId: MERR-26374]
End auto log messages stack.	[MsgId: MMSG-10544]


Start auto log messages stack - Iteration 8.	[MsgId: MMSG-10545]
Action.c(569): Warning -26594: The header being added may cause unpredictable results if applied to ALL the URLs generated on behalf of the next script function. It will apply to the primary URL only.  	[MsgId: MWAR-26594]
Action.c(569): web_add_header("Authorization") highest severity level was "warning"  	[MsgId: MMSG-26391]
Action.c(573): web_reg_save_param_regexp started  	[MsgId: MMSG-26355]
Action.c(573): Registering web_reg_save_param_regexp was successful  	[MsgId: MMSG-26390]
Action.c(580): web_reg_find started  	[MsgId: MMSG-26355]
Action.c(580): Registering web_reg_find was successful  	[MsgId: MMSG-26390]
Action.c(582): web_url("559529690_3") started  	[MsgId: MMSG-26355]
Action.c(582): Error -27644: Step download timeout (120 seconds) has expired when only cross-step downloads (0) were active  	[MsgId: MERR-27644]
End auto log messages stack.	[MsgId: MMSG-10544]


Start auto log messages stack - Iteration 8.	[MsgId: MMSG-10545]
Action.c(582): Aborting pending download of URL="https://www.advantageonlineshopping.com/order/api/v1/carts/957372986" (RelFrameId=1, Internal ID=510)  	[MsgId: MMSG-27649]
Action.c(582): Error -35049: No match found for the requested parameter "price". Check whether the requested regular expression exists in the response data  	[MsgId: MERR-35049]
Action.c(582): Error -26366: "Text=userId":957372986" not found for web_reg_find  	[MsgId: MERR-26366]
Action.c(582): Error -26374: The above "not found" error(s) may be explained by header and body byte counts being 0 and 0, respectively.  	[MsgId: MERR-26374]
End auto log messages stack.	[MsgId: MMSG-10544]


Start auto log messages stack - Iteration 7.	[MsgId: MMSG-10545]
Action.c(727): web_remove/revert_auto_header("X-Requested-With") was successful  	[MsgId: MMSG-26392]
Action.c(729): web_add_header("Authorization") started  	[MsgId: MMSG-26355]
Action.c(729): Warning -26594: The header being added may cause unpredictable results if applied to ALL the URLs generated on behalf of the next script function. It will apply to the primary URL only.  	[MsgId: MWAR-26594]
Action.c(729): web_add_header("Authorization") highest severity level was "warning"  	[MsgId: MMSG-26391]
Action.c(732): web_reg_find started  	[MsgId: MMSG-26355]
Action.c(732): Registering web_reg_find was successful  	[MsgId: MMSG-26390]
Action.c(735): web_custom_request("Oplata") started  	[MsgId: MMSG-26355]
Action.c(735): Error -27644: Step download timeout (120 seconds) has expired when only cross-step downloads (0) were active  	[MsgId: MERR-27644]
End auto log messages stack.	[MsgId: MMSG-10544]


Start auto log messages stack - Iteration 7.	[MsgId: MMSG-10545]
Action.c(735): Aborting pending download of URL="https://www.advantageonlineshopping.com/order/api/v1/orders/users/582943225" (RelFrameId=1, Internal ID=444)  	[MsgId: MMSG-27649]
Action.c(735): Error -26366: "Text=success":true" not found for web_reg_find  	[MsgId: MERR-26366]
Action.c(735): Error -26374: The above "not found" error(s) may be explained by header and body byte counts being 0 and 0, respectively.  	[MsgId: MERR-26374]
End auto log messages stack.	[MsgId: MMSG-10544]


Start auto log messages stack - Iteration 17.	[MsgId: MMSG-10545]
Action.c(727): web_remove/revert_auto_header("X-Requested-With") was successful  	[MsgId: MMSG-26392]
Action.c(729): web_add_header("Authorization") started  	[MsgId: MMSG-26355]
Action.c(729): Warning -26594: The header being added may cause unpredictable results if applied to ALL the URLs generated on behalf of the next script function. It will apply to the primary URL only.  	[MsgId: MWAR-26594]
Action.c(729): web_add_header("Authorization") highest severity level was "warning"  	[MsgId: MMSG-26391]
Action.c(732): web_reg_find started  	[MsgId: MMSG-26355]
Action.c(732): Registering web_reg_find was successful  	[MsgId: MMSG-26390]
Action.c(735): web_custom_request("Oplata") started  	[MsgId: MMSG-26355]
Action.c(735): Error -27644: Step download timeout (120 seconds) has expired when only cross-step downloads (0) were active  	[MsgId: MERR-27644]
End auto log messages stack.	[MsgId: MMSG-10544]


Start auto log messages stack - Iteration 17.	[MsgId: MMSG-10545]
Action.c(735): Aborting pending download of URL="https://www.advantageonlineshopping.com/order/api/v1/orders/users/150106441" (RelFrameId=1, Internal ID=1097)  	[MsgId: MMSG-27649]
Action.c(735): Error -26366: "Text=success":true" not found for web_reg_find  	[MsgId: MERR-26366]
Action.c(735): Error -26374: The above "not found" error(s) may be explained by header and body byte counts being 0 and 0, respectively.  	[MsgId: MERR-26374]
End auto log messages stack.	[MsgId: MMSG-10544]


Start auto log messages stack - Iteration 12.	[MsgId: MMSG-10545]
Action.c(750): Warning -26594: The header being added may cause unpredictable results if applied to ALL the URLs generated on behalf of the next script function. It will apply to the primary URL only.  	[MsgId: MWAR-26594]
Action.c(750): web_add_header("Authorization") highest severity level was "warning"  	[MsgId: MMSG-26391]
Action.c(753): web_reg_find started  	[MsgId: MMSG-26355]
Action.c(753): Registering web_reg_find was successful  	[MsgId: MMSG-26390]
Action.c(758): web_custom_request("559529690_5") started  	[MsgId: MMSG-26355]
Action.c(758): Connection to www.advantageonlineshopping.com:443 closed after being inactive for 122 seconds, exceeding the "HTTP Keep-Alive timeout" Runtime Setting (60 seconds). URL="[None]"  	[MsgId: MMSG-27647]
Action.c(758): Error -27644: Step download timeout (120 seconds) has expired when only cross-step downloads (0) were active  	[MsgId: MERR-27644]
End auto log messages stack.	[MsgId: MMSG-10544]


Start auto log messages stack - Iteration 12.	[MsgId: MMSG-10545]
Action.c(758): Aborting pending download of URL="https://www.advantageonlineshopping.com/order/api/v1/carts/658121218" (RelFrameId=1, Internal ID=768)  	[MsgId: MMSG-27649]
Action.c(758): Error -26366: "Text="productsInCart":[]" not found for web_reg_find  	[MsgId: MERR-26366]
Action.c(758): Error -26374: The above "not found" error(s) may be explained by header and body byte counts being 0 and 0, respectively.  	[MsgId: MERR-26374]
End auto log messages stack.	[MsgId: MMSG-10544]


Start auto log messages stack - Iteration 11.	[MsgId: MMSG-10545]
Action.c(727): web_remove/revert_auto_header("X-Requested-With") was successful  	[MsgId: MMSG-26392]
Action.c(729): web_add_header("Authorization") started  	[MsgId: MMSG-26355]
Action.c(729): Warning -26594: The header being added may cause unpredictable results if applied to ALL the URLs generated on behalf of the next script function. It will apply to the primary URL only.  	[MsgId: MWAR-26594]
Action.c(729): web_add_header("Authorization") highest severity level was "warning"  	[MsgId: MMSG-26391]
Action.c(732): web_reg_find started  	[MsgId: MMSG-26355]
Action.c(732): Registering web_reg_find was successful  	[MsgId: MMSG-26390]
Action.c(735): web_custom_request("Oplata") started  	[MsgId: MMSG-26355]
Action.c(735): Error -27644: Step download timeout (120 seconds) has expired when only cross-step downloads (0) were active  	[MsgId: MERR-27644]
End auto log messages stack.	[MsgId: MMSG-10544]


Start auto log messages stack - Iteration 11.	[MsgId: MMSG-10545]
Action.c(735): Aborting pending download of URL="https://www.advantageonlineshopping.com/order/api/v1/orders/users/906277672" (RelFrameId=1, Internal ID=703)  	[MsgId: MMSG-27649]
Action.c(735): Error -26366: "Text=success":true" not found for web_reg_find  	[MsgId: MERR-26366]
Action.c(735): Error -26374: The above "not found" error(s) may be explained by header and body byte counts being 0 and 0, respectively.  	[MsgId: MERR-26374]
End auto log messages stack.	[MsgId: MMSG-10544]


Start auto log messages stack - Iteration 9.	[MsgId: MMSG-10545]
Action.c(569): Warning -26594: The header being added may cause unpredictable results if applied to ALL the URLs generated on behalf of the next script function. It will apply to the primary URL only.  	[MsgId: MWAR-26594]
Action.c(569): web_add_header("Authorization") highest severity level was "warning"  	[MsgId: MMSG-26391]
Action.c(573): web_reg_save_param_regexp started  	[MsgId: MMSG-26355]
Action.c(573): Registering web_reg_save_param_regexp was successful  	[MsgId: MMSG-26390]
Action.c(580): web_reg_find started  	[MsgId: MMSG-26355]
Action.c(580): Registering web_reg_find was successful  	[MsgId: MMSG-26390]
Action.c(582): web_url("559529690_3") started  	[MsgId: MMSG-26355]
Action.c(582): Error -27644: Step download timeout (120 seconds) has expired when only cross-step downloads (0) were active  	[MsgId: MERR-27644]
End auto log messages stack.	[MsgId: MMSG-10544]


Start auto log messages stack - Iteration 9.	[MsgId: MMSG-10545]
Action.c(582): Aborting pending download of URL="https://www.advantageonlineshopping.com/order/api/v1/carts/867830368" (RelFrameId=1, Internal ID=567)  	[MsgId: MMSG-27649]
Action.c(582): Error -35049: No match found for the requested parameter "price". Check whether the requested regular expression exists in the response data  	[MsgId: MERR-35049]
Action.c(582): Error -26366: "Text=userId":867830368" not found for web_reg_find  	[MsgId: MERR-26366]
Action.c(582): Error -26374: The above "not found" error(s) may be explained by header and body byte counts being 0 and 0, respectively.  	[MsgId: MERR-26374]
End auto log messages stack.	[MsgId: MMSG-10544]


Start auto log messages stack - Iteration 11.	[MsgId: MMSG-10545]
Action.c(727): web_remove/revert_auto_header("X-Requested-With") was successful  	[MsgId: MMSG-26392]
Action.c(729): web_add_header("Authorization") started  	[MsgId: MMSG-26355]
Action.c(729): Warning -26594: The header being added may cause unpredictable results if applied to ALL the URLs generated on behalf of the next script function. It will apply to the primary URL only.  	[MsgId: MWAR-26594]
Action.c(729): web_add_header("Authorization") highest severity level was "warning"  	[MsgId: MMSG-26391]
Action.c(732): web_reg_find started  	[MsgId: MMSG-26355]
Action.c(732): Registering web_reg_find was successful  	[MsgId: MMSG-26390]
Action.c(735): web_custom_request("Oplata") started  	[MsgId: MMSG-26355]
Action.c(735): Error -27644: Step download timeout (120 seconds) has expired when only cross-step downloads (0) were active  	[MsgId: MERR-27644]
End auto log messages stack.	[MsgId: MMSG-10544]


Start auto log messages stack - Iteration 11.	[MsgId: MMSG-10545]
Action.c(735): Aborting pending download of URL="https://www.advantageonlineshopping.com/order/api/v1/orders/users/906277672" (RelFrameId=1, Internal ID=691)  	[MsgId: MMSG-27649]
Action.c(735): Error -26366: "Text=success":true" not found for web_reg_find  	[MsgId: MERR-26366]
Action.c(735): Error -26374: The above "not found" error(s) may be explained by header and body byte counts being 0 and 0, respectively.  	[MsgId: MERR-26374]
End auto log messages stack.	[MsgId: MMSG-10544]


Start auto log messages stack - Iteration 4.	[MsgId: MMSG-10545]
Action.c(727): web_remove/revert_auto_header("X-Requested-With") was successful  	[MsgId: MMSG-26392]
Action.c(729): web_add_header("Authorization") started  	[MsgId: MMSG-26355]
Action.c(729): Warning -26594: The header being added may cause unpredictable results if applied to ALL the URLs generated on behalf of the next script function. It will apply to the primary URL only.  	[MsgId: MWAR-26594]
Action.c(729): web_add_header("Authorization") highest severity level was "warning"  	[MsgId: MMSG-26391]
Action.c(732): web_reg_find started  	[MsgId: MMSG-26355]
Action.c(732): Registering web_reg_find was successful  	[MsgId: MMSG-26390]
Action.c(735): web_custom_request("Oplata") started  	[MsgId: MMSG-26355]
Action.c(735): Error -27644: Step download timeout (120 seconds) has expired when only cross-step downloads (0) were active  	[MsgId: MERR-27644]
End auto log messages stack.	[MsgId: MMSG-10544]


Start auto log messages stack - Iteration 4.	[MsgId: MMSG-10545]
Action.c(735): Aborting pending download of URL="https://www.advantageonlineshopping.com/order/api/v1/orders/users/444077019" (RelFrameId=1, Internal ID=254)  	[MsgId: MMSG-27649]
Action.c(735): Error -26366: "Text=success":true" not found for web_reg_find  	[MsgId: MERR-26366]
Action.c(735): Error -26374: The above "not found" error(s) may be explained by header and body byte counts being 0 and 0, respectively.  	[MsgId: MERR-26374]
End auto log messages stack.	[MsgId: MMSG-10544]


Start auto log messages stack - Iteration 8.	[MsgId: MMSG-10545]
Action.c(569): Warning -26594: The header being added may cause unpredictable results if applied to ALL the URLs generated on behalf of the next script function. It will apply to the primary URL only.  	[MsgId: MWAR-26594]
Action.c(569): web_add_header("Authorization") highest severity level was "warning"  	[MsgId: MMSG-26391]
Action.c(573): web_reg_save_param_regexp started  	[MsgId: MMSG-26355]
Action.c(573): Registering web_reg_save_param_regexp was successful  	[MsgId: MMSG-26390]
Action.c(580): web_reg_find started  	[MsgId: MMSG-26355]
Action.c(580): Registering web_reg_find was successful  	[MsgId: MMSG-26390]
Action.c(582): web_url("559529690_3") started  	[MsgId: MMSG-26355]
Action.c(582): Error -27644: Step download timeout (120 seconds) has expired when only cross-step downloads (0) were active  	[MsgId: MERR-27644]
End auto log messages stack.	[MsgId: MMSG-10544]


Start auto log messages stack - Iteration 8.	[MsgId: MMSG-10545]
Action.c(582): Aborting pending download of URL="https://www.advantageonlineshopping.com/order/api/v1/carts/957372986" (RelFrameId=1, Internal ID=501)  	[MsgId: MMSG-27649]
Action.c(582): Error -35049: No match found for the requested parameter "price". Check whether the requested regular expression exists in the response data  	[MsgId: MERR-35049]
Action.c(582): Error -26366: "Text=userId":957372986" not found for web_reg_find  	[MsgId: MERR-26366]
Action.c(582): Error -26374: The above "not found" error(s) may be explained by header and body byte counts being 0 and 0, respectively.  	[MsgId: MERR-26374]
End auto log messages stack.	[MsgId: MMSG-10544]


Start auto log messages stack - Iteration 14.	[MsgId: MMSG-10545]
Action.c(476): Warning -26594: The header being added may cause unpredictable results if applied to ALL the URLs generated on behalf of the next script function. It will apply to the primary URL only.  	[MsgId: MWAR-26594]
Action.c(476): web_add_header("Authorization") highest severity level was "warning"  	[MsgId: MMSG-26391]
Action.c(480): web_reg_save_param_regexp started  	[MsgId: MMSG-26355]
Action.c(480): Registering web_reg_save_param_regexp was successful  	[MsgId: MMSG-26390]
Action.c(486): web_reg_find started  	[MsgId: MMSG-26355]
Action.c(486): Registering web_reg_find was successful  	[MsgId: MMSG-26390]
Action.c(492): web_submit_data("414141") started  	[MsgId: MMSG-26355]
Action.c(492): Error -27644: Step download timeout (120 seconds) has expired when only cross-step downloads (0) were active  	[MsgId: MERR-27644]
End auto log messages stack.	[MsgId: MMSG-10544]


Start auto log messages stack - Iteration 14.	[MsgId: MMSG-10545]
Action.c(492): Aborting pending download of URL="https://www.advantageonlineshopping.com/order/api/v1/carts/526100574/product/7/color/C3C3C3?quantity=3" (RelFrameId=1, Internal ID=897)  	[MsgId: MMSG-27649]
Action.c(492): Error -35049: No match found for the requested parameter "HasWar". Check whether the requested regular expression exists in the response data  	[MsgId: MERR-35049]
Action.c(492): Error -26366: "Text=productId":7" not found for web_reg_find  	[MsgId: MERR-26366]
Action.c(492): Error -26374: The above "not found" error(s) may be explained by header and body byte counts being 0 and 0, respectively.  	[MsgId: MERR-26374]
End auto log messages stack.	[MsgId: MMSG-10544]


Start auto log messages stack - Iteration 9.	[MsgId: MMSG-10545]
Action.c(476): Warning -26594: The header being added may cause unpredictable results if applied to ALL the URLs generated on behalf of the next script function. It will apply to the primary URL only.  	[MsgId: MWAR-26594]
Action.c(476): web_add_header("Authorization") highest severity level was "warning"  	[MsgId: MMSG-26391]
Action.c(480): web_reg_save_param_regexp started  	[MsgId: MMSG-26355]
Action.c(480): Registering web_reg_save_param_regexp was successful  	[MsgId: MMSG-26390]
Action.c(486): web_reg_find started  	[MsgId: MMSG-26355]
Action.c(486): Registering web_reg_find was successful  	[MsgId: MMSG-26390]
Action.c(492): web_submit_data("414141") started  	[MsgId: MMSG-26355]
Action.c(492): Error -27644: Step download timeout (120 seconds) has expired when only cross-step downloads (0) were active  	[MsgId: MERR-27644]
End auto log messages stack.	[MsgId: MMSG-10544]


Start auto log messages stack - Iteration 9.	[MsgId: MMSG-10545]
Action.c(492): Aborting pending download of URL="https://www.advantageonlineshopping.com/order/api/v1/carts/867830368/product/11/color/C3C3C3?quantity=1" (RelFrameId=1, Internal ID=564)  	[MsgId: MMSG-27649]
Action.c(492): Error -35049: No match found for the requested parameter "HasWar". Check whether the requested regular expression exists in the response data  	[MsgId: MERR-35049]
Action.c(492): Error -26366: "Text=productId":11" not found for web_reg_find  	[MsgId: MERR-26366]
Action.c(492): Error -26374: The above "not found" error(s) may be explained by header and body byte counts being 0 and 0, respectively.  	[MsgId: MERR-26374]
End auto log messages stack.	[MsgId: MMSG-10544]


Start auto log messages stack - Iteration 18.	[MsgId: MMSG-10545]
Start auto log messages stack - Iteration 13.	[MsgId: MMSG-10545]
Start auto log messages stack - Iteration 9.	[MsgId: MMSG-10545]
Start auto log messages stack - Iteration 10.	[MsgId: MMSG-10545]
Action.c(476): web_add_header("Authorization") highest severity level was "warning"  	[MsgId: MMSG-26391]
Action.c(476): web_add_header("Authorization") highest severity level was "warning"  	[MsgId: MMSG-26391]
Action.c(569): web_add_header("Authorization") highest severity level was "warning"  	[MsgId: MMSG-26391]
Action.c(480): web_reg_save_param_regexp started  	[MsgId: MMSG-26355]
Action.c(480): web_reg_save_param_regexp started  	[MsgId: MMSG-26355]
Action.c(573): web_reg_save_param_regexp started  	[MsgId: MMSG-26355]
Action.c(480): Registering web_reg_save_param_regexp was successful  	[MsgId: MMSG-26390]
Action.c(480): Registering web_reg_save_param_regexp was successful  	[MsgId: MMSG-26390]
Action.c(573): Registering web_reg_save_param_regexp was successful  	[MsgId: MMSG-26390]
Action.c(486): web_reg_find started  	[MsgId: MMSG-26355]
Action.c(486): web_reg_find started  	[MsgId: MMSG-26355]
Action.c(580): web_reg_find started  	[MsgId: MMSG-26355]
Action.c(486): Registering web_reg_find was successful  	[MsgId: MMSG-26390]
Action.c(486): Registering web_reg_find was successful  	[MsgId: MMSG-26390]
Action.c(580): Registering web_reg_find was successful  	[MsgId: MMSG-26390]
Action.c(492): web_submit_data("414141") started  	[MsgId: MMSG-26355]
Action.c(492): web_submit_data("414141") started  	[MsgId: MMSG-26355]
Action.c(582): web_url("559529690_3") started  	[MsgId: MMSG-26355]
Action.c(492): Notify: Transaction "addToCart" ended with a "Stop" status (Duration: 36,3262 Wasted Time: 0,0005).	[MsgId: MMSG-16871]
Action.c(582): Notify: Transaction "cheakout" ended with a "Stop" status (Duration: 18,0623 Wasted Time: 0,0003).	[MsgId: MMSG-16871]
Action.c(492): Notify: Transaction "addToCart" ended with a "Stop" status (Duration: 105,9116 Wasted Time: 0,0002).	[MsgId: MMSG-16871]
Action.c(492): Notify: Transaction "UC_2_buyItem" ended with a "Stop" status (Duration: 171,9611 Think Time: 20,0232 Wasted Time: 0,0134).	[MsgId: MMSG-16870]
Action.c(582): Notify: Transaction "UC_2_buyItem" ended with a "Stop" status (Duration: 107,9950 Think Time: 25,0278 Wasted Time: 0,0120).	[MsgId: MMSG-16870]
Action.c(492): Notify: Transaction "UC_2_buyItem" ended with a "Stop" status (Duration: 178,3103 Think Time: 20,0314 Wasted Time: 0,0116).	[MsgId: MMSG-16870]
Abort was called from an action.	[MsgId: MMSG-10447]
Abort was called from an action.	[MsgId: MMSG-10447]
Ending Vuser...	[MsgId: MMSG-15966]
Ending Vuser...	[MsgId: MMSG-15966]
Starting action vuser_end.	[MsgId: MMSG-15919]
Starting action vuser_end.	[MsgId: MMSG-15919]
Ending action vuser_end.	[MsgId: MMSG-15918]
Ending action vuser_end.	[MsgId: MMSG-15918]
Vuser Terminated.	[MsgId: MMSG-15963]
Abort was called from an action.	[MsgId: MMSG-10447]
Vuser Terminated.	[MsgId: MMSG-15963]
Action.c(492): Error -27760: Request "https://www.advantageonlineshopping.com/order/api/v1/carts/867830368/product/19/color/FFFFFF?quantity=3" failed  	[MsgId: MERR-27760]
Ending Vuser...	[MsgId: MMSG-15966]
Action.c(582): Error -27760: Request "https://www.advantageonlineshopping.com/order/api/v1/carts/952698632" failed  	[MsgId: MERR-27760]
Starting action vuser_end.	[MsgId: MMSG-15919]
Ending action vuser_end.	[MsgId: MMSG-15918]
Vuser Terminated.	[MsgId: MMSG-15963]
Action.c(492): Error -27760: Request "https://www.advantageonlineshopping.com/order/api/v1/carts/102249332/product/20/color/414141?quantity=3" failed  	[MsgId: MERR-27760]
Action.c(729): Warning -26594: The header being added may cause unpredictable results if applied to ALL the URLs generated on behalf of the next script function. It will apply to the primary URL only.  	[MsgId: MWAR-26594]
Action.c(729): web_add_header("Authorization") highest severity level was "warning"  	[MsgId: MMSG-26391]
Action.c(732): web_reg_find started  	[MsgId: MMSG-26355]
Action.c(732): Registering web_reg_find was successful  	[MsgId: MMSG-26390]
Action.c(735): web_custom_request("Oplata") started  	[MsgId: MMSG-26355]
Action.c(735): Notify: Transaction "payment" ended with a "Stop" status (Duration: 45,7747 Wasted Time: 0,0000).	[MsgId: MMSG-16871]
Action.c(735): Notify: Transaction "UC_2_buyItem" ended with a "Stop" status (Duration: 202,0372 Think Time: 35,2122 Wasted Time: 0,0106).	[MsgId: MMSG-16870]
Abort was called from an action.	[MsgId: MMSG-10447]
Ending Vuser...	[MsgId: MMSG-15966]
Starting action vuser_end.	[MsgId: MMSG-15919]
Start auto log messages stack - Iteration 9.	[MsgId: MMSG-10545]
Ending action vuser_end.	[MsgId: MMSG-15918]
Vuser Terminated.	[MsgId: MMSG-15963]
Action.c(735): Error -27760: Request "https://www.advantageonlineshopping.com/order/api/v1/orders/users/525751637" failed  	[MsgId: MERR-27760]
Action.c(750): Warning -26594: The header being added may cause unpredictable results if applied to ALL the URLs generated on behalf of the next script function. It will apply to the primary URL only.  	[MsgId: MWAR-26594]
Action.c(750): web_add_header("Authorization") highest severity level was "warning"  	[MsgId: MMSG-26391]
Action.c(753): web_reg_find started  	[MsgId: MMSG-26355]
Action.c(753): Registering web_reg_find was successful  	[MsgId: MMSG-26390]
Action.c(758): web_custom_request("559529690_5") started  	[MsgId: MMSG-26355]
Action.c(758): Notify: Transaction "payment" ended with a "Stop" status (Duration: 25,1219 Wasted Time: 0,0000).	[MsgId: MMSG-16871]
Action.c(758): Notify: Transaction "UC_2_buyItem" ended with a "Stop" status (Duration: 277,7973 Think Time: 35,0502 Wasted Time: 0,0110).	[MsgId: MMSG-16870]
Abort was called from an action.	[MsgId: MMSG-10447]
Ending Vuser...	[MsgId: MMSG-15966]
Starting action vuser_end.	[MsgId: MMSG-15919]
Ending action vuser_end.	[MsgId: MMSG-15918]
Vuser Terminated.	[MsgId: MMSG-15963]
Action.c(758): Error -27760: Request "https://www.advantageonlineshopping.com/order/api/v1/carts/867830368" failed  	[MsgId: MERR-27760]
