Error: missing newline in C:\Users\wing2\Documents\VuGen\Scripts\UC_2_buyItem\..\dataPool\UsersDataAdvantage.dat	[MsgId: MERR-13874]
Error: missing newline in C:\Users\wing2\Documents\VuGen\Scripts\UC_2_buyItem\..\dataPool\PayMethod.dat	[MsgId: MERR-13874]
Start auto log messages stack - Iteration 1.	[MsgId: MMSG-10545]
Action.c(727): web_remove/revert_auto_header("X-Requested-With") was successful  	[MsgId: MMSG-26392]
Action.c(729): web_add_header("Authorization") started  	[MsgId: MMSG-26355]
Action.c(729): Warning -26594: The header being added may cause unpredictable results if applied to ALL the URLs generated on behalf of the next script function. It will apply to the primary URL only.  	[MsgId: MWAR-26594]
Action.c(729): web_add_header("Authorization") highest severity level was "warning"  	[MsgId: MMSG-26391]
Action.c(732): web_reg_find started  	[MsgId: MMSG-26355]
Action.c(732): Registering web_reg_find was successful  	[MsgId: MMSG-26390]
Action.c(735): web_custom_request("Oplata") started  	[MsgId: MMSG-26355]
Action.c(735): Error -26612: HTTP Status-Code=500 (Internal Server Error) for "https://www.advantageonlineshopping.com/order/api/v1/orders/users/570517106"  	[MsgId: MERR-26612]
Action.c(735): Error -26366: "Text=success":true" not found for web_reg_find  	[MsgId: MERR-26366]
End auto log messages stack.	[MsgId: MMSG-10544]


Start auto log messages stack - Iteration 1.	[MsgId: MMSG-10545]
Action.c(569): Warning -26594: The header being added may cause unpredictable results if applied to ALL the URLs generated on behalf of the next script function. It will apply to the primary URL only.  	[MsgId: MWAR-26594]
Action.c(569): web_add_header("Authorization") highest severity level was "warning"  	[MsgId: MMSG-26391]
Action.c(573): web_reg_save_param_regexp started  	[MsgId: MMSG-26355]
Action.c(573): Registering web_reg_save_param_regexp was successful  	[MsgId: MMSG-26390]
Action.c(580): web_reg_find started  	[MsgId: MMSG-26355]
Action.c(580): Registering web_reg_find was successful  	[MsgId: MMSG-26390]
Action.c(582): web_url("559529690_3") started  	[MsgId: MMSG-26355]
Action.c(582): Error -35049: No match found for the requested parameter "price". Check whether the requested regular expression exists in the response data  	[MsgId: MERR-35049]
End auto log messages stack.	[MsgId: MMSG-10544]


Start auto log messages stack - Iteration 1.	[MsgId: MMSG-10545]
Action.c(569): Warning -26594: The header being added may cause unpredictable results if applied to ALL the URLs generated on behalf of the next script function. It will apply to the primary URL only.  	[MsgId: MWAR-26594]
Action.c(569): web_add_header("Authorization") highest severity level was "warning"  	[MsgId: MMSG-26391]
Action.c(573): web_reg_save_param_regexp started  	[MsgId: MMSG-26355]
Action.c(573): Registering web_reg_save_param_regexp was successful  	[MsgId: MMSG-26390]
Action.c(580): web_reg_find started  	[MsgId: MMSG-26355]
Action.c(580): Registering web_reg_find was successful  	[MsgId: MMSG-26390]
Action.c(582): web_url("559529690_3") started  	[MsgId: MMSG-26355]
Action.c(582): Error -35049: No match found for the requested parameter "price". Check whether the requested regular expression exists in the response data  	[MsgId: MERR-35049]
End auto log messages stack.	[MsgId: MMSG-10544]


Start auto log messages stack - Iteration 1.	[MsgId: MMSG-10545]
Action.c(727): web_remove/revert_auto_header("X-Requested-With") was successful  	[MsgId: MMSG-26392]
Action.c(729): web_add_header("Authorization") started  	[MsgId: MMSG-26355]
Action.c(729): Warning -26594: The header being added may cause unpredictable results if applied to ALL the URLs generated on behalf of the next script function. It will apply to the primary URL only.  	[MsgId: MWAR-26594]
Action.c(729): web_add_header("Authorization") highest severity level was "warning"  	[MsgId: MMSG-26391]
Action.c(732): web_reg_find started  	[MsgId: MMSG-26355]
Action.c(732): Registering web_reg_find was successful  	[MsgId: MMSG-26390]
Action.c(735): web_custom_request("Oplata") started  	[MsgId: MMSG-26355]
Action.c(735): Error -27644: Step download timeout (120 seconds) has expired when only cross-step downloads (0) were active  	[MsgId: MERR-27644]
End auto log messages stack.	[MsgId: MMSG-10544]


Start auto log messages stack - Iteration 1.	[MsgId: MMSG-10545]
Action.c(735): Aborting pending download of URL="https://www.advantageonlineshopping.com/order/api/v1/orders/users/570517106" (RelFrameId=1, Internal ID=63)  	[MsgId: MMSG-27649]
Action.c(735): Error -26366: "Text=success":true" not found for web_reg_find  	[MsgId: MERR-26366]
Action.c(735): Error -26374: The above "not found" error(s) may be explained by header and body byte counts being 0 and 0, respectively.  	[MsgId: MERR-26374]
End auto log messages stack.	[MsgId: MMSG-10544]


Start auto log messages stack - Iteration 1.	[MsgId: MMSG-10545]
Action.c(750): web_add_header("Authorization") highest severity level was "warning"  	[MsgId: MMSG-26391]
Action.c(753): web_reg_find started  	[MsgId: MMSG-26355]
Action.c(753): Registering web_reg_find was successful  	[MsgId: MMSG-26390]
Action.c(758): web_custom_request("559529690_5") started  	[MsgId: MMSG-26355]
Action.c(758): Connection to www.advantageonlineshopping.com:443 closed after being inactive for 141 seconds, exceeding the "HTTP Keep-Alive timeout" Runtime Setting (60 seconds). URL="[None]"  	[MsgId: MMSG-27647]
Action.c(758): Notify: Transaction "payment" ended with a "Stop" status (Duration: 116,8863 Wasted Time: 0,0000).	[MsgId: MMSG-16871]
Action.c(758): Notify: Transaction "UC_2_buyItem" ended with a "Stop" status (Duration: 255,2611 Think Time: 35,0647 Wasted Time: 0,0152).	[MsgId: MMSG-16870]
Abort was called from an action.	[MsgId: MMSG-10447]
Ending Vuser...	[MsgId: MMSG-15966]
Starting action vuser_end.	[MsgId: MMSG-15919]
Ending action vuser_end.	[MsgId: MMSG-15918]
Vuser Terminated.	[MsgId: MMSG-15963]
Action.c(758): Error -27760: Request "https://www.advantageonlineshopping.com/order/api/v1/carts/570517106" failed  	[MsgId: MERR-27760]
Start auto log messages stack - Iteration 3.	[MsgId: MMSG-10545]
Action.c(271): Warning -26594: The header being added may cause unpredictable results if applied to ALL the URLs generated on behalf of the next script function. It will apply to the primary URL only.  	[MsgId: MWAR-26594]
Action.c(271): web_add_header("Authorization") highest severity level was "warning"  	[MsgId: MMSG-26391]
Action.c(275): web_reg_find started  	[MsgId: MMSG-26355]
Action.c(275): Registering web_reg_find was successful  	[MsgId: MMSG-26390]
Action.c(279): web_url("Cartmb") started  	[MsgId: MMSG-26355]
Action.c(279): Notify: Transaction "logIn" ended with a "Stop" status (Duration: 29,8882 Wasted Time: 0,0002).	[MsgId: MMSG-16871]
Action.c(279): Notify: Transaction "UC_2_buyItem" ended with a "Stop" status (Duration: 45,8927 Think Time: 5,0149 Wasted Time: 0,0083).	[MsgId: MMSG-16870]
Abort was called from an action.	[MsgId: MMSG-10447]
Ending Vuser...	[MsgId: MMSG-15966]
Starting action vuser_end.	[MsgId: MMSG-15919]
Ending action vuser_end.	[MsgId: MMSG-15918]
Vuser Terminated.	[MsgId: MMSG-15963]
Action.c(279): Error -27760: Request "https://www.advantageonlineshopping.com/order/api/v1/carts/525751637" failed  	[MsgId: MERR-27760]
Start auto log messages stack - Iteration 2.	[MsgId: MMSG-10545]
Action.c(476): web_add_header("Authorization") highest severity level was "warning"  	[MsgId: MMSG-26391]
Action.c(480): web_reg_save_param_regexp started  	[MsgId: MMSG-26355]
Action.c(480): Registering web_reg_save_param_regexp was successful  	[MsgId: MMSG-26390]
Action.c(486): web_reg_find started  	[MsgId: MMSG-26355]
Action.c(486): Registering web_reg_find was successful  	[MsgId: MMSG-26390]
Action.c(492): web_submit_data("414141") started  	[MsgId: MMSG-26355]
Action.c(492): Notify: Transaction "addToCart" ended with a "Stop" status (Duration: 32,8632 Wasted Time: 0,0001).	[MsgId: MMSG-16871]
Action.c(492): Notify: Transaction "UC_2_buyItem" ended with a "Stop" status (Duration: 101,2430 Think Time: 20,0282 Wasted Time: 0,0108).	[MsgId: MMSG-16870]
Abort was called from an action.	[MsgId: MMSG-10447]
Ending Vuser...	[MsgId: MMSG-15966]
Starting action vuser_end.	[MsgId: MMSG-15919]
Ending action vuser_end.	[MsgId: MMSG-15918]
Vuser Terminated.	[MsgId: MMSG-15963]
Action.c(492): Error -27760: Request "https://www.advantageonlineshopping.com/order/api/v1/carts/150106441/product/2/color/C3C3C3?quantity=1" failed  	[MsgId: MERR-27760]
Start auto log messages stack - Iteration 2.	[MsgId: MMSG-10545]
Action.c(271): Warning -26594: The header being added may cause unpredictable results if applied to ALL the URLs generated on behalf of the next script function. It will apply to the primary URL only.  	[MsgId: MWAR-26594]
Action.c(271): web_add_header("Authorization") highest severity level was "warning"  	[MsgId: MMSG-26391]
Action.c(275): web_reg_find started  	[MsgId: MMSG-26355]
Action.c(275): Registering web_reg_find was successful  	[MsgId: MMSG-26390]
Action.c(279): web_url("Cartmb") started  	[MsgId: MMSG-26355]
Action.c(279): Notify: Transaction "logIn" ended with a "Stop" status (Duration: 20,9906 Wasted Time: 0,0003).	[MsgId: MMSG-16871]
Action.c(279): Notify: Transaction "UC_2_buyItem" ended with a "Stop" status (Duration: 38,7770 Think Time: 5,0098 Wasted Time: 0,0086).	[MsgId: MMSG-16870]
Abort was called from an action.	[MsgId: MMSG-10447]
Ending Vuser...	[MsgId: MMSG-15966]
Starting action vuser_end.	[MsgId: MMSG-15919]
Ending action vuser_end.	[MsgId: MMSG-15918]
Vuser Terminated.	[MsgId: MMSG-15963]
Action.c(279): Error -27760: Request "https://www.advantageonlineshopping.com/order/api/v1/carts/150106441" failed  	[MsgId: MERR-27760]
Start auto log messages stack - Iteration 2.	[MsgId: MMSG-10545]
Start auto log messages stack - Iteration 1.	[MsgId: MMSG-10545]
Action.c(569): web_add_header("Authorization") highest severity level was "warning"  	[MsgId: MMSG-26391]
Action.c(573): web_reg_save_param_regexp started  	[MsgId: MMSG-26355]
Action.c(573): Registering web_reg_save_param_regexp was successful  	[MsgId: MMSG-26390]
Action.c(580): web_reg_find started  	[MsgId: MMSG-26355]
Action.c(580): Registering web_reg_find was successful  	[MsgId: MMSG-26390]
Action.c(582): web_url("559529690_3") started  	[MsgId: MMSG-26355]
Action.c(582): Notify: Transaction "cheakout" ended with a "Stop" status (Duration: 20,6833 Wasted Time: 0,0004).	[MsgId: MMSG-16871]
Action.c(582): Notify: Transaction "UC_2_buyItem" ended with a "Stop" status (Duration: 138,9762 Think Time: 25,0377 Wasted Time: 0,0091).	[MsgId: MMSG-16870]
Abort was called from an action.	[MsgId: MMSG-10447]
Ending Vuser...	[MsgId: MMSG-15966]
Starting action vuser_end.	[MsgId: MMSG-15919]
Ending action vuser_end.	[MsgId: MMSG-15918]
Vuser Terminated.	[MsgId: MMSG-15963]
Action.c(582): Error -27760: Request "https://www.advantageonlineshopping.com/order/api/v1/carts/570517106" failed  	[MsgId: MERR-27760]
Start auto log messages stack - Iteration 2.	[MsgId: MMSG-10545]
Action.c(729): Warning -26594: The header being added may cause unpredictable results if applied to ALL the URLs generated on behalf of the next script function. It will apply to the primary URL only.  	[MsgId: MWAR-26594]
Action.c(729): web_add_header("Authorization") highest severity level was "warning"  	[MsgId: MMSG-26391]
Action.c(732): web_reg_find started  	[MsgId: MMSG-26355]
Action.c(732): Registering web_reg_find was successful  	[MsgId: MMSG-26390]
Action.c(735): web_custom_request("Oplata") started  	[MsgId: MMSG-26355]
Action.c(486): Registering web_reg_find was successful  	[MsgId: MMSG-26390]
Action.c(492): web_submit_data("414141") started  	[MsgId: MMSG-26355]
Action.c(735): Notify: Transaction "payment" ended with a "Stop" status (Duration: 6,2816 Wasted Time: 0,0000).	[MsgId: MMSG-16871]
Action.c(735): Notify: Transaction "UC_2_buyItem" ended with a "Stop" status (Duration: 230,1953 Think Time: 35,0425 Wasted Time: 0,0134).	[MsgId: MMSG-16870]
Abort was called from an action.	[MsgId: MMSG-10447]
Ending Vuser...	[MsgId: MMSG-15966]
Starting action vuser_end.	[MsgId: MMSG-15919]
Ending action vuser_end.	[MsgId: MMSG-15918]
Vuser Terminated.	[MsgId: MMSG-15963]
Action.c(735): Error -27760: Request "https://www.advantageonlineshopping.com/order/api/v1/orders/users/150106441" failed  	[MsgId: MERR-27760]
Start auto log messages stack - Iteration 2.	[MsgId: MMSG-10545]
Action.c(492): Connection to www.advantageonlineshopping.com:443 closed after being inactive for 60 seconds, exceeding the "HTTP Keep-Alive timeout" Runtime Setting (60 seconds). URL="[None]"  	[MsgId: MMSG-27647]
Action.c(492): Connection to www.googletagmanager.com:443 closed after being inactive for 60 seconds, exceeding the "HTTP Keep-Alive timeout" Runtime Setting (60 seconds). URL="[None]"  	[MsgId: MMSG-27647]
Action.c(492): Notify: Transaction "addToCart" ended with a "Stop" status (Duration: 40,8587 Wasted Time: 0,0001).	[MsgId: MMSG-16871]
Action.c(492): Notify: Transaction "UC_2_buyItem" ended with a "Stop" status (Duration: 101,6503 Think Time: 20,0120 Wasted Time: 0,0122).	[MsgId: MMSG-16870]
Abort was called from an action.	[MsgId: MMSG-10447]
Ending Vuser...	[MsgId: MMSG-15966]
Starting action vuser_end.	[MsgId: MMSG-15919]
Ending action vuser_end.	[MsgId: MMSG-15918]
Vuser Terminated.	[MsgId: MMSG-15963]
Action.c(492): Error -27760: Request "https://www.advantageonlineshopping.com/order/api/v1/carts/150106441/product/27/color/3683D1?quantity=2" failed  	[MsgId: MERR-27760]
Start auto log messages stack - Iteration 1.	[MsgId: MMSG-10545]
Action.c(476): web_add_header("Authorization") highest severity level was "warning"  	[MsgId: MMSG-26391]
Action.c(480): web_reg_save_param_regexp started  	[MsgId: MMSG-26355]
Action.c(480): Registering web_reg_save_param_regexp was successful  	[MsgId: MMSG-26390]
Action.c(486): web_reg_find started  	[MsgId: MMSG-26355]
Action.c(486): Registering web_reg_find was successful  	[MsgId: MMSG-26390]
Action.c(492): web_submit_data("414141") started  	[MsgId: MMSG-26355]
Action.c(492): Notify: Transaction "addToCart" ended with a "Stop" status (Duration: 53,4774 Wasted Time: 0,0001).	[MsgId: MMSG-16871]
Action.c(492): Notify: Transaction "UC_2_buyItem" ended with a "Stop" status (Duration: 154,0929 Think Time: 20,0245 Wasted Time: 0,0102).	[MsgId: MMSG-16870]
Abort was called from an action.	[MsgId: MMSG-10447]
Ending Vuser...	[MsgId: MMSG-15966]
Starting action vuser_end.	[MsgId: MMSG-15919]
Ending action vuser_end.	[MsgId: MMSG-15918]
Vuser Terminated.	[MsgId: MMSG-15963]
Action.c(492): Error -27760: Request "https://www.advantageonlineshopping.com/order/api/v1/carts/570517106/product/32/color/414141?quantity=1" failed  	[MsgId: MERR-27760]
Start auto log messages stack - Iteration 1.	[MsgId: MMSG-10545]
Action.c(569): web_add_header("Authorization") highest severity level was "warning"  	[MsgId: MMSG-26391]
Action.c(573): web_reg_save_param_regexp started  	[MsgId: MMSG-26355]
Action.c(573): Registering web_reg_save_param_regexp was successful  	[MsgId: MMSG-26390]
Action.c(580): web_reg_find started  	[MsgId: MMSG-26355]
Action.c(580): Registering web_reg_find was successful  	[MsgId: MMSG-26390]
Action.c(582): web_url("559529690_3") started  	[MsgId: MMSG-26355]
Action.c(582): Notify: Transaction "cheakout" ended with a "Stop" status (Duration: 29,3765 Wasted Time: 0,0003).	[MsgId: MMSG-16871]
Action.c(582): Notify: Transaction "UC_2_buyItem" ended with a "Stop" status (Duration: 179,3036 Think Time: 25,0247 Wasted Time: 0,0120).	[MsgId: MMSG-16870]
Abort was called from an action.	[MsgId: MMSG-10447]
Ending Vuser...	[MsgId: MMSG-15966]
Starting action vuser_end.	[MsgId: MMSG-15919]
Ending action vuser_end.	[MsgId: MMSG-15918]
Vuser Terminated.	[MsgId: MMSG-15963]
Action.c(582): Error -27760: Request "https://www.advantageonlineshopping.com/order/api/v1/carts/570517106" failed  	[MsgId: MERR-27760]
Start auto log messages stack - Iteration 1.	[MsgId: MMSG-10545]
Start auto log messages stack - Iteration 1.	[MsgId: MMSG-10545]
Start auto log messages stack - Iteration 1.	[MsgId: MMSG-10545]
Start auto log messages stack - Iteration 2.	[MsgId: MMSG-10545]
Action.c(271): Warning -26594: The header being added may cause unpredictable results if applied to ALL the URLs generated on behalf of the next script function. It will apply to the primary URL only.  	[MsgId: MWAR-26594]
Action.c(271): web_add_header("Authorization") highest severity level was "warning"  	[MsgId: MMSG-26391]
Action.c(275): web_reg_find started  	[MsgId: MMSG-26355]
Action.c(729): Warning -26594: The header being added may cause unpredictable results if applied to ALL the URLs generated on behalf of the next script function. It will apply to the primary URL only.  	[MsgId: MWAR-26594]
Action.c(729): web_add_header("Authorization") highest severity level was "warning"  	[MsgId: MMSG-26391]
Action.c(732): web_reg_find started  	[MsgId: MMSG-26355]
Action.c(275): Registering web_reg_find was successful  	[MsgId: MMSG-26390]
Action.c(732): Registering web_reg_find was successful  	[MsgId: MMSG-26390]
Action.c(279): web_url("Cartmb") started  	[MsgId: MMSG-26355]
Action.c(735): web_custom_request("Oplata") started  	[MsgId: MMSG-26355]
Action.c(279): Notify: Transaction "logIn" ended with a "Stop" status (Duration: 57,0608 Wasted Time: 0,0003).	[MsgId: MMSG-16871]
Action.c(279): Notify: Transaction "UC_2_buyItem" ended with a "Stop" status (Duration: 74,9168 Think Time: 5,0141 Wasted Time: 0,0090).	[MsgId: MMSG-16870]
Abort was called from an action.	[MsgId: MMSG-10447]
Ending Vuser...	[MsgId: MMSG-15966]
Starting action vuser_end.	[MsgId: MMSG-15919]
Ending action vuser_end.	[MsgId: MMSG-15918]
Vuser Terminated.	[MsgId: MMSG-15963]
Action.c(279): Error -27760: Request "https://www.advantageonlineshopping.com/order/api/v1/carts/150106441" failed  	[MsgId: MERR-27760]
Action.c(735): Notify: Transaction "payment" ended with a "Stop" status (Duration: 65,7608 Wasted Time: 0,0000).	[MsgId: MMSG-16871]
Action.c(735): Notify: Transaction "UC_2_buyItem" ended with a "Stop" status (Duration: 265,3771 Think Time: 35,0565 Wasted Time: 0,0100).	[MsgId: MMSG-16870]
Abort was called from an action.	[MsgId: MMSG-10447]
Ending Vuser...	[MsgId: MMSG-15966]
Starting action vuser_end.	[MsgId: MMSG-15919]
Ending action vuser_end.	[MsgId: MMSG-15918]
Vuser Terminated.	[MsgId: MMSG-15963]
Action.c(735): Error -27760: Request "https://www.advantageonlineshopping.com/order/api/v1/orders/users/150106441" failed  	[MsgId: MERR-27760]
Action.c(569): web_add_header("Authorization") highest severity level was "warning"  	[MsgId: MMSG-26391]
Action.c(573): web_reg_save_param_regexp started  	[MsgId: MMSG-26355]
Action.c(573): Registering web_reg_save_param_regexp was successful  	[MsgId: MMSG-26390]
Action.c(580): web_reg_find started  	[MsgId: MMSG-26355]
Action.c(580): Registering web_reg_find was successful  	[MsgId: MMSG-26390]
Action.c(582): web_url("559529690_3") started  	[MsgId: MMSG-26355]
Action.c(582): Notify: Transaction "cheakout" ended with a "Stop" status (Duration: 52,9434 Wasted Time: 0,0004).	[MsgId: MMSG-16871]
Action.c(582): Notify: Transaction "UC_2_buyItem" ended with a "Stop" status (Duration: 204,6144 Think Time: 25,0407 Wasted Time: 0,0103).	[MsgId: MMSG-16870]
Abort was called from an action.	[MsgId: MMSG-10447]
Ending Vuser...	[MsgId: MMSG-15966]
Starting action vuser_end.	[MsgId: MMSG-15919]
Ending action vuser_end.	[MsgId: MMSG-15918]
Vuser Terminated.	[MsgId: MMSG-15963]
Action.c(582): Error -27760: Request "https://www.advantageonlineshopping.com/order/api/v1/carts/570517106" failed  	[MsgId: MERR-27760]
Action.c(569): web_add_header("Authorization") highest severity level was "warning"  	[MsgId: MMSG-26391]
Action.c(573): web_reg_save_param_regexp started  	[MsgId: MMSG-26355]
Action.c(573): Registering web_reg_save_param_regexp was successful  	[MsgId: MMSG-26390]
Action.c(580): web_reg_find started  	[MsgId: MMSG-26355]
Action.c(580): Registering web_reg_find was successful  	[MsgId: MMSG-26390]
Action.c(582): web_url("559529690_3") started  	[MsgId: MMSG-26355]
Action.c(582): Notify: Transaction "cheakout" ended with a "Stop" status (Duration: 66,0839 Wasted Time: 0,0003).	[MsgId: MMSG-16871]
Action.c(582): Notify: Transaction "UC_2_buyItem" ended with a "Stop" status (Duration: 230,0588 Think Time: 25,0280 Wasted Time: 0,0100).	[MsgId: MMSG-16870]
Abort was called from an action.	[MsgId: MMSG-10447]
Ending Vuser...	[MsgId: MMSG-15966]
Starting action vuser_end.	[MsgId: MMSG-15919]
Ending action vuser_end.	[MsgId: MMSG-15918]
Vuser Terminated.	[MsgId: MMSG-15963]
Action.c(582): Error -27760: Request "https://www.advantageonlineshopping.com/order/api/v1/carts/570517106" failed  	[MsgId: MERR-27760]
Action.c(569): web_add_header("Authorization") highest severity level was "warning"  	[MsgId: MMSG-26391]
Action.c(573): web_reg_save_param_regexp started  	[MsgId: MMSG-26355]
Action.c(573): Registering web_reg_save_param_regexp was successful  	[MsgId: MMSG-26390]
Action.c(580): web_reg_find started  	[MsgId: MMSG-26355]
Action.c(580): Registering web_reg_find was successful  	[MsgId: MMSG-26390]
Action.c(582): web_url("559529690_3") started  	[MsgId: MMSG-26355]
Action.c(582): Notify: Transaction "cheakout" ended with a "Stop" status (Duration: 16,1715 Wasted Time: 0,0003).	[MsgId: MMSG-16871]
Action.c(582): Notify: Transaction "UC_2_buyItem" ended with a "Stop" status (Duration: 189,4837 Think Time: 25,0254 Wasted Time: 0,0107).	[MsgId: MMSG-16870]
Abort was called from an action.	[MsgId: MMSG-10447]
Ending Vuser...	[MsgId: MMSG-15966]
Starting action vuser_end.	[MsgId: MMSG-15919]
Ending action vuser_end.	[MsgId: MMSG-15918]
Vuser Terminated.	[MsgId: MMSG-15963]
Action.c(582): Error -27760: Request "https://www.advantageonlineshopping.com/order/api/v1/carts/570517106" failed  	[MsgId: MERR-27760]
