Error: missing newline in C:\Users\wing2\Documents\VuGen\Scripts\UC_5_UpdatePayment\..\dataPool\UsersDataAdvantage.dat	[MsgId: MERR-13874]
Error: missing newline in C:\Users\wing2\Documents\VuGen\Scripts\dataPool\UsersDataAdvantage.dat	[MsgId: MERR-13874]
Start auto log messages stack - Iteration 3.	[MsgId: MMSG-10545]
Start auto log messages stack - Iteration 3.	[MsgId: MMSG-10545]
Action.c(222): Registering web_reg_save_param_regexp was successful  	[MsgId: MMSG-26390]
Action.c(229): web_reg_save_param_regexp started  	[MsgId: MMSG-26355]
Action.c(229): Registering web_reg_save_param_regexp was successful  	[MsgId: MMSG-26390]
Action.c(236): web_reg_find started  	[MsgId: MMSG-26355]
Action.c(236): Registering web_reg_find was successful  	[MsgId: MMSG-26390]
Action.c(240): web_custom_request("AccountLoginRequest") started  	[MsgId: MMSG-26355]
Action.c(240): Notify: Transaction "logIn" ended with a "Stop" status (Duration: 2,0895 Wasted Time: 0,0001).	[MsgId: MMSG-16871]
Action.c(264): Warning -26594: The header being added may cause unpredictable results if applied to ALL the URLs generated on behalf of the next script function. It will apply to the primary URL only.  	[MsgId: MWAR-26594]
Action.c(264): web_add_header("Authorization") highest severity level was "warning"  	[MsgId: MMSG-26391]
Action.c(268): web_reg_find started  	[MsgId: MMSG-26355]
Action.c(268): Registering web_reg_find was successful  	[MsgId: MMSG-26390]
Start auto log messages stack - Iteration 3.	[MsgId: MMSG-10545]
Action.c(240): Notify: Transaction "UC_5_UpdatePayment" ended with a "Stop" status (Duration: 22,6121 Think Time: 5,0108 Wasted Time: 0,0091).	[MsgId: MMSG-16870]
Action.c(402): web_add_header("SOAPAction") was successful  	[MsgId: MMSG-26392]
Abort was called from an action.	[MsgId: MMSG-10447]
Action.c(405): web_add_header("X-Requested-With") started  	[MsgId: MMSG-26355]
Ending Vuser...	[MsgId: MMSG-15966]
Starting action vuser_end.	[MsgId: MMSG-15919]
Action.c(405): web_add_header("X-Requested-With") was successful  	[MsgId: MMSG-26392]
Ending action vuser_end.	[MsgId: MMSG-15918]
Vuser Terminated.	[MsgId: MMSG-15963]
Action.c(408): web_reg_find started  	[MsgId: MMSG-26355]
Action.c(240): Error -27760: Request "https://www.advantageonlineshopping.com/accountservice/ws/AccountLoginRequest" failed  	[MsgId: MERR-27760]
Action.c(408): Registering web_reg_find was successful  	[MsgId: MMSG-26390]
Action.c(412): web_custom_request("AccountLogoutRequest") started  	[MsgId: MMSG-26355]
Action.c(412): Notify: Transaction "logOut" ended with a "Stop" status (Duration: 4,0912 Wasted Time: 0,0000).	[MsgId: MMSG-16871]
Start auto log messages stack - Iteration 3.	[MsgId: MMSG-10545]
Action.c(264): Warning -26594: The header being added may cause unpredictable results if applied to ALL the URLs generated on behalf of the next script function. It will apply to the primary URL only.  	[MsgId: MWAR-26594]
Action.c(264): web_add_header("Authorization") highest severity level was "warning"  	[MsgId: MMSG-26391]
Action.c(268): web_reg_find started  	[MsgId: MMSG-26355]
Action.c(268): Registering web_reg_find was successful  	[MsgId: MMSG-26390]
Action.c(272): web_url("Cartmb") started  	[MsgId: MMSG-26355]
Action.c(412): Notify: Transaction "UC_5_UpdatePayment" ended with a "Stop" status (Duration: 73,0814 Think Time: 20,0313 Wasted Time: 0,0086).	[MsgId: MMSG-16870]
Abort was called from an action.	[MsgId: MMSG-10447]
Ending Vuser...	[MsgId: MMSG-15966]
Starting action vuser_end.	[MsgId: MMSG-15919]
Ending action vuser_end.	[MsgId: MMSG-15918]
Vuser Terminated.	[MsgId: MMSG-15963]
Action.c(412): Error -27760: Request "https://www.advantageonlineshopping.com/accountservice/ws/AccountLogoutRequest" failed  	[MsgId: MERR-27760]
Action.c(272): web_url("Cartmb") started  	[MsgId: MMSG-26355]
Action.c(272): Notify: Transaction "logIn" ended with a "Stop" status (Duration: 19,2705 Wasted Time: 0,0003).	[MsgId: MMSG-16871]
Action.c(272): Notify: Transaction "UC_5_UpdatePayment" ended with a "Stop" status (Duration: 35,6266 Think Time: 5,0057 Wasted Time: 0,0073).	[MsgId: MMSG-16870]
Abort was called from an action.	[MsgId: MMSG-10447]
Ending Vuser...	[MsgId: MMSG-15966]
Starting action vuser_end.	[MsgId: MMSG-15919]
Ending action vuser_end.	[MsgId: MMSG-15918]
Vuser Terminated.	[MsgId: MMSG-15963]
Action.c(272): Error -27760: Request "https://www.advantageonlineshopping.com/order/api/v1/carts/525751637" failed  	[MsgId: MERR-27760]
Action.c(272): Notify: Transaction "logIn" ended with a "Stop" status (Duration: 25,6149 Wasted Time: 0,0003).	[MsgId: MMSG-16871]
Action.c(272): Notify: Transaction "UC_5_UpdatePayment" ended with a "Stop" status (Duration: 42,3704 Think Time: 5,0038 Wasted Time: 0,0077).	[MsgId: MMSG-16870]
Abort was called from an action.	[MsgId: MMSG-10447]
Ending Vuser...	[MsgId: MMSG-15966]
Starting action vuser_end.	[MsgId: MMSG-15919]
Ending action vuser_end.	[MsgId: MMSG-15918]
Vuser Terminated.	[MsgId: MMSG-15963]
Action.c(272): Error -27760: Request "https://www.advantageonlineshopping.com/order/api/v1/carts/525751637" failed  	[MsgId: MERR-27760]
Start auto log messages stack - Iteration 6.	[MsgId: MMSG-10545]
Action.c(264): Warning -26594: The header being added may cause unpredictable results if applied to ALL the URLs generated on behalf of the next script function. It will apply to the primary URL only.  	[MsgId: MWAR-26594]
Action.c(264): web_add_header("Authorization") highest severity level was "warning"  	[MsgId: MMSG-26391]
Action.c(268): web_reg_find started  	[MsgId: MMSG-26355]
Action.c(268): Registering web_reg_find was successful  	[MsgId: MMSG-26390]
Action.c(272): web_url("Cartmb") started  	[MsgId: MMSG-26355]
Action.c(272): Notify: Transaction "logIn" ended with a "Stop" status (Duration: 15,0694 Wasted Time: 0,0002).	[MsgId: MMSG-16871]
Action.c(272): Notify: Transaction "UC_5_UpdatePayment" ended with a "Stop" status (Duration: 34,7060 Think Time: 5,0031 Wasted Time: 0,0097).	[MsgId: MMSG-16870]
Abort was called from an action.	[MsgId: MMSG-10447]
Ending Vuser...	[MsgId: MMSG-15966]
Starting action vuser_end.	[MsgId: MMSG-15919]
Ending action vuser_end.	[MsgId: MMSG-15918]
Vuser Terminated.	[MsgId: MMSG-15963]
Action.c(272): Error -27760: Request "https://www.advantageonlineshopping.com/order/api/v1/carts/892403873" failed  	[MsgId: MERR-27760]
