Start auto log messages stack - Iteration 19.	[MsgId: MMSG-10545]
Start auto log messages stack - Iteration 20.	[MsgId: MMSG-10545]
Action.c(264): Warning -26594: The header being added may cause unpredictable results if applied to ALL the URLs generated on behalf of the next script function. It will apply to the primary URL only.  	[MsgId: MWAR-26594]
Action.c(264): web_add_header("Authorization") highest severity level was "warning"  	[MsgId: MMSG-26391]
Action.c(264): Warning -26594: The header being added may cause unpredictable results if applied to ALL the URLs generated on behalf of the next script function. It will apply to the primary URL only.  	[MsgId: MWAR-26594]
Action.c(268): web_reg_find started  	[MsgId: MMSG-26355]
Action.c(264): web_add_header("Authorization") highest severity level was "warning"  	[MsgId: MMSG-26391]
Action.c(268): Registering web_reg_find was successful  	[MsgId: MMSG-26390]
Action.c(268): web_reg_find started  	[MsgId: MMSG-26355]
Action.c(272): web_url("Cartmb") started  	[MsgId: MMSG-26355]
Action.c(268): Registering web_reg_find was successful  	[MsgId: MMSG-26390]
Action.c(272): web_url("Cartmb") started  	[MsgId: MMSG-26355]
Action.c(272): Notify: Transaction "logIn" ended with a "Stop" status (Duration: 14,0028 Wasted Time: 0,0003).	[MsgId: MMSG-16871]
Action.c(272): Notify: Transaction "logIn" ended with a "Stop" status (Duration: 11,2929 Wasted Time: 0,0002).	[MsgId: MMSG-16871]
Action.c(272): Notify: Transaction "UC_5_UpdatePayment" ended with a "Stop" status (Duration: 27,7512 Think Time: 5,0108 Wasted Time: 0,0075).	[MsgId: MMSG-16870]
Action.c(272): Notify: Transaction "UC_5_UpdatePayment" ended with a "Stop" status (Duration: 24,7955 Think Time: 5,0040 Wasted Time: 0,0081).	[MsgId: MMSG-16870]
Abort was called from an action.	[MsgId: MMSG-10447]
Abort was called from an action.	[MsgId: MMSG-10447]
Ending Vuser...	[MsgId: MMSG-15966]
Ending Vuser...	[MsgId: MMSG-15966]
Starting action vuser_end.	[MsgId: MMSG-15919]
Starting action vuser_end.	[MsgId: MMSG-15919]
Ending action vuser_end.	[MsgId: MMSG-15918]
Ending action vuser_end.	[MsgId: MMSG-15918]
Vuser Terminated.	[MsgId: MMSG-15963]
Vuser Terminated.	[MsgId: MMSG-15963]
Action.c(272): Error -27760: Request "https://www.advantageonlineshopping.com/order/api/v1/carts/444077019" failed  	[MsgId: MERR-27760]
Action.c(272): Error -27760: Request "https://www.advantageonlineshopping.com/order/api/v1/carts/441289135" failed  	[MsgId: MERR-27760]
Start auto log messages stack - Iteration 19.	[MsgId: MMSG-10545]
Action.c(264): Warning -26594: The header being added may cause unpredictable results if applied to ALL the URLs generated on behalf of the next script function. It will apply to the primary URL only.  	[MsgId: MWAR-26594]
Action.c(264): web_add_header("Authorization") highest severity level was "warning"  	[MsgId: MMSG-26391]
Action.c(268): web_reg_find started  	[MsgId: MMSG-26355]
Action.c(268): Registering web_reg_find was successful  	[MsgId: MMSG-26390]
Action.c(272): web_url("Cartmb") started  	[MsgId: MMSG-26355]
Start auto log messages stack - Iteration 19.	[MsgId: MMSG-10545]
Action.c(272): Notify: Transaction "logIn" ended with a "Stop" status (Duration: 7,6089 Wasted Time: 0,0003).	[MsgId: MMSG-16871]
Action.c(272): Notify: Transaction "UC_5_UpdatePayment" ended with a "Stop" status (Duration: 21,2155 Think Time: 5,0094 Wasted Time: 0,0077).	[MsgId: MMSG-16870]
Abort was called from an action.	[MsgId: MMSG-10447]
Ending Vuser...	[MsgId: MMSG-15966]
Starting action vuser_end.	[MsgId: MMSG-15919]
Ending action vuser_end.	[MsgId: MMSG-15918]
Vuser Terminated.	[MsgId: MMSG-15963]
Action.c(272): Error -27760: Request "https://www.advantageonlineshopping.com/order/api/v1/carts/444077019" failed  	[MsgId: MERR-27760]
Action.c(264): Warning -26594: The header being added may cause unpredictable results if applied to ALL the URLs generated on behalf of the next script function. It will apply to the primary URL only.  	[MsgId: MWAR-26594]
Action.c(264): web_add_header("Authorization") highest severity level was "warning"  	[MsgId: MMSG-26391]
Action.c(268): web_reg_find started  	[MsgId: MMSG-26355]
Action.c(268): Registering web_reg_find was successful  	[MsgId: MMSG-26390]
Action.c(272): web_url("Cartmb") started  	[MsgId: MMSG-26355]
Start auto log messages stack - Iteration 18.	[MsgId: MMSG-10545]
Action.c(272): Notify: Transaction "logIn" ended with a "Stop" status (Duration: 11,1368 Wasted Time: 0,0003).	[MsgId: MMSG-16871]
Action.c(272): Notify: Transaction "UC_5_UpdatePayment" ended with a "Stop" status (Duration: 24,3829 Think Time: 5,0133 Wasted Time: 0,0081).	[MsgId: MMSG-16870]
Abort was called from an action.	[MsgId: MMSG-10447]
Ending Vuser...	[MsgId: MMSG-15966]
Starting action vuser_end.	[MsgId: MMSG-15919]
Ending action vuser_end.	[MsgId: MMSG-15918]
Vuser Terminated.	[MsgId: MMSG-15963]
Action.c(272): Error -27760: Request "https://www.advantageonlineshopping.com/order/api/v1/carts/444077019" failed  	[MsgId: MERR-27760]
Action.c(264): Warning -26594: The header being added may cause unpredictable results if applied to ALL the URLs generated on behalf of the next script function. It will apply to the primary URL only.  	[MsgId: MWAR-26594]
Action.c(264): web_add_header("Authorization") highest severity level was "warning"  	[MsgId: MMSG-26391]
Action.c(268): web_reg_find started  	[MsgId: MMSG-26355]
Action.c(268): Registering web_reg_find was successful  	[MsgId: MMSG-26390]
Action.c(272): web_url("Cartmb") started  	[MsgId: MMSG-26355]
Action.c(272): Notify: Transaction "logIn" ended with a "Stop" status (Duration: 8,3799 Wasted Time: 0,0003).	[MsgId: MMSG-16871]
Action.c(272): Notify: Transaction "UC_5_UpdatePayment" ended with a "Stop" status (Duration: 21,7205 Think Time: 5,0097 Wasted Time: 0,0079).	[MsgId: MMSG-16870]
Abort was called from an action.	[MsgId: MMSG-10447]
Ending Vuser...	[MsgId: MMSG-15966]
Starting action vuser_end.	[MsgId: MMSG-15919]
Ending action vuser_end.	[MsgId: MMSG-15918]
Vuser Terminated.	[MsgId: MMSG-15963]
Action.c(272): Error -27760: Request "https://www.advantageonlineshopping.com/order/api/v1/carts/525751637" failed  	[MsgId: MERR-27760]
