Start auto log messages stack - Iteration 25.	[MsgId: MMSG-10545]
Action.c(258): Registering web_reg_save_param_json was successful  	[MsgId: MMSG-26390]
Action.c(264): web_add_header("Authorization") started  	[MsgId: MMSG-26355]
Action.c(264): Warning -26594: The header being added may cause unpredictable results if applied to ALL the URLs generated on behalf of the next script function. It will apply to the primary URL only.  	[MsgId: MWAR-26594]
Action.c(264): web_add_header("Authorization") highest severity level was "warning"  	[MsgId: MMSG-26391]
Action.c(268): web_reg_find started  	[MsgId: MMSG-26355]
Action.c(268): Registering web_reg_find was successful  	[MsgId: MMSG-26390]
Action.c(272): web_url("Cartmb") started  	[MsgId: MMSG-26355]
Action.c(272): Error -27644: Step download timeout (120 seconds) has expired when only cross-step downloads (0) were active  	[MsgId: MERR-27644]
End auto log messages stack.	[MsgId: MMSG-10544]


Start auto log messages stack - Iteration 25.	[MsgId: MMSG-10545]
Action.c(272): Aborting pending download of URL="https://www.advantageonlineshopping.com/order/api/v1/carts/952698632" (RelFrameId=1, Internal ID=1195)  	[MsgId: MMSG-27649]
Action.c(272): Error -35060: No matches were found for the specified query: "$.sessionId"  	[MsgId: MERR-35060]
Action.c(272): Error -26366: "Text=userId":952698632" not found for web_reg_find  	[MsgId: MERR-26366]
Action.c(272): Error -26374: The above "not found" error(s) may be explained by header and body byte counts being 0 and 0, respectively.  	[MsgId: MERR-26374]
End auto log messages stack.	[MsgId: MMSG-10544]


Start auto log messages stack - Iteration 40.	[MsgId: MMSG-10545]
Action.c(258): Registering web_reg_save_param_json was successful  	[MsgId: MMSG-26390]
Action.c(264): web_add_header("Authorization") started  	[MsgId: MMSG-26355]
Action.c(264): Warning -26594: The header being added may cause unpredictable results if applied to ALL the URLs generated on behalf of the next script function. It will apply to the primary URL only.  	[MsgId: MWAR-26594]
Action.c(264): web_add_header("Authorization") highest severity level was "warning"  	[MsgId: MMSG-26391]
Action.c(268): web_reg_find started  	[MsgId: MMSG-26355]
Action.c(268): Registering web_reg_find was successful  	[MsgId: MMSG-26390]
Action.c(272): web_url("Cartmb") started  	[MsgId: MMSG-26355]
Action.c(272): Error -27644: Step download timeout (120 seconds) has expired when only cross-step downloads (0) were active  	[MsgId: MERR-27644]
End auto log messages stack.	[MsgId: MMSG-10544]


Start auto log messages stack - Iteration 40.	[MsgId: MMSG-10545]
Action.c(272): Aborting pending download of URL="https://www.advantageonlineshopping.com/order/api/v1/carts/952698632" (RelFrameId=1, Internal ID=1915)  	[MsgId: MMSG-27649]
Action.c(272): Error -35060: No matches were found for the specified query: "$.sessionId"  	[MsgId: MERR-35060]
Action.c(272): Error -26366: "Text=userId":952698632" not found for web_reg_find  	[MsgId: MERR-26366]
Action.c(272): Error -26374: The above "not found" error(s) may be explained by header and body byte counts being 0 and 0, respectively.  	[MsgId: MERR-26374]
End auto log messages stack.	[MsgId: MMSG-10544]


Start auto log messages stack - Iteration 38.	[MsgId: MMSG-10545]
Action.c(258): Registering web_reg_save_param_json was successful  	[MsgId: MMSG-26390]
Action.c(264): web_add_header("Authorization") started  	[MsgId: MMSG-26355]
Action.c(264): Warning -26594: The header being added may cause unpredictable results if applied to ALL the URLs generated on behalf of the next script function. It will apply to the primary URL only.  	[MsgId: MWAR-26594]
Action.c(264): web_add_header("Authorization") highest severity level was "warning"  	[MsgId: MMSG-26391]
Action.c(268): web_reg_find started  	[MsgId: MMSG-26355]
Action.c(268): Registering web_reg_find was successful  	[MsgId: MMSG-26390]
Action.c(272): web_url("Cartmb") started  	[MsgId: MMSG-26355]
Action.c(272): Error -27644: Step download timeout (120 seconds) has expired when only cross-step downloads (0) were active  	[MsgId: MERR-27644]
End auto log messages stack.	[MsgId: MMSG-10544]


Start auto log messages stack - Iteration 38.	[MsgId: MMSG-10545]
Action.c(272): Aborting pending download of URL="https://www.advantageonlineshopping.com/order/api/v1/carts/957372986" (RelFrameId=1, Internal ID=1814)  	[MsgId: MMSG-27649]
Action.c(272): Error -35060: No matches were found for the specified query: "$.sessionId"  	[MsgId: MERR-35060]
Action.c(272): Error -26366: "Text=userId":957372986" not found for web_reg_find  	[MsgId: MERR-26366]
Action.c(272): Error -26374: The above "not found" error(s) may be explained by header and body byte counts being 0 and 0, respectively.  	[MsgId: MERR-26374]
End auto log messages stack.	[MsgId: MMSG-10544]


Start auto log messages stack - Iteration 29.	[MsgId: MMSG-10545]
Action.c(258): Registering web_reg_save_param_json was successful  	[MsgId: MMSG-26390]
Action.c(264): web_add_header("Authorization") started  	[MsgId: MMSG-26355]
Action.c(264): Warning -26594: The header being added may cause unpredictable results if applied to ALL the URLs generated on behalf of the next script function. It will apply to the primary URL only.  	[MsgId: MWAR-26594]
Action.c(264): web_add_header("Authorization") highest severity level was "warning"  	[MsgId: MMSG-26391]
Action.c(268): web_reg_find started  	[MsgId: MMSG-26355]
Action.c(268): Registering web_reg_find was successful  	[MsgId: MMSG-26390]
Action.c(272): web_url("Cartmb") started  	[MsgId: MMSG-26355]
Action.c(272): Error -27644: Step download timeout (120 seconds) has expired when only cross-step downloads (0) were active  	[MsgId: MERR-27644]
End auto log messages stack.	[MsgId: MMSG-10544]


Start auto log messages stack - Iteration 29.	[MsgId: MMSG-10545]
Action.c(272): Aborting pending download of URL="https://www.advantageonlineshopping.com/order/api/v1/carts/526100574" (RelFrameId=1, Internal ID=1387)  	[MsgId: MMSG-27649]
Action.c(272): Error -35060: No matches were found for the specified query: "$.sessionId"  	[MsgId: MERR-35060]
Action.c(272): Error -26366: "Text=userId":526100574" not found for web_reg_find  	[MsgId: MERR-26366]
Action.c(272): Error -26374: The above "not found" error(s) may be explained by header and body byte counts being 0 and 0, respectively.  	[MsgId: MERR-26374]
End auto log messages stack.	[MsgId: MMSG-10544]


Start auto log messages stack - Iteration 32.	[MsgId: MMSG-10545]
Action.c(258): Registering web_reg_save_param_json was successful  	[MsgId: MMSG-26390]
Action.c(264): web_add_header("Authorization") started  	[MsgId: MMSG-26355]
Action.c(264): Warning -26594: The header being added may cause unpredictable results if applied to ALL the URLs generated on behalf of the next script function. It will apply to the primary URL only.  	[MsgId: MWAR-26594]
Action.c(264): web_add_header("Authorization") highest severity level was "warning"  	[MsgId: MMSG-26391]
Action.c(268): web_reg_find started  	[MsgId: MMSG-26355]
Action.c(268): Registering web_reg_find was successful  	[MsgId: MMSG-26390]
Action.c(272): web_url("Cartmb") started  	[MsgId: MMSG-26355]
Action.c(272): Error -27644: Step download timeout (120 seconds) has expired when only cross-step downloads (0) were active  	[MsgId: MERR-27644]
End auto log messages stack.	[MsgId: MMSG-10544]


Start auto log messages stack - Iteration 32.	[MsgId: MMSG-10545]
Action.c(272): Aborting pending download of URL="https://www.advantageonlineshopping.com/order/api/v1/carts/150106441" (RelFrameId=1, Internal ID=1531)  	[MsgId: MMSG-27649]
Action.c(272): Error -35060: No matches were found for the specified query: "$.sessionId"  	[MsgId: MERR-35060]
Action.c(272): Error -26366: "Text=userId":150106441" not found for web_reg_find  	[MsgId: MERR-26366]
Action.c(272): Error -26374: The above "not found" error(s) may be explained by header and body byte counts being 0 and 0, respectively.  	[MsgId: MERR-26374]
End auto log messages stack.	[MsgId: MMSG-10544]


