Start auto log messages stack - Iteration 1.	[MsgId: MMSG-10545]
Action.c(264): Warning -26594: The header being added may cause unpredictable results if applied to ALL the URLs generated on behalf of the next script function. It will apply to the primary URL only.  	[MsgId: MWAR-26594]
Action.c(264): web_add_header("Authorization") highest severity level was "warning"  	[MsgId: MMSG-26391]
Action.c(268): web_reg_find started  	[MsgId: MMSG-26355]
Action.c(268): Registering web_reg_find was successful  	[MsgId: MMSG-26390]
Action.c(272): web_url("Cartmb") started  	[MsgId: MMSG-26355]
Action.c(272): Notify: Transaction "logIn" ended with a "Stop" status (Duration: 6,6191 Wasted Time: 0,0003).	[MsgId: MMSG-16871]
Action.c(272): Notify: Transaction "UC_5_UpdatePayment" ended with a "Stop" status (Duration: 20,5609 Think Time: 5,0105 Wasted Time: 0,0100).	[MsgId: MMSG-16870]
Abort was called from an action.	[MsgId: MMSG-10447]
Ending Vuser...	[MsgId: MMSG-15966]
Starting action vuser_end.	[MsgId: MMSG-15919]
Ending action vuser_end.	[MsgId: MMSG-15918]
Vuser Terminated.	[MsgId: MMSG-15963]
Action.c(272): Error -27760: Request "https://www.advantageonlineshopping.com/order/api/v1/carts/902105583" failed  	[MsgId: MERR-27760]
Start auto log messages stack - Iteration 3.	[MsgId: MMSG-10545]
Action.c(264): Warning -26594: The header being added may cause unpredictable results if applied to ALL the URLs generated on behalf of the next script function. It will apply to the primary URL only.  	[MsgId: MWAR-26594]
Action.c(264): web_add_header("Authorization") highest severity level was "warning"  	[MsgId: MMSG-26391]
Action.c(268): web_reg_find started  	[MsgId: MMSG-26355]
Action.c(268): Registering web_reg_find was successful  	[MsgId: MMSG-26390]
Action.c(272): web_url("Cartmb") started  	[MsgId: MMSG-26355]
Action.c(272): Notify: Transaction "logIn" ended with a "Stop" status (Duration: 2,4443 Wasted Time: 0,0016).	[MsgId: MMSG-16871]
Action.c(272): Notify: Transaction "UC_5_UpdatePayment" ended with a "Stop" status (Duration: 16,2397 Think Time: 5,0078 Wasted Time: 0,0115).	[MsgId: MMSG-16870]
Abort was called from an action.	[MsgId: MMSG-10447]
Ending Vuser...	[MsgId: MMSG-15966]
Starting action vuser_end.	[MsgId: MMSG-15919]
Ending action vuser_end.	[MsgId: MMSG-15918]
Vuser Terminated.	[MsgId: MMSG-15963]
Action.c(272): Error -27760: Request "https://www.advantageonlineshopping.com/order/api/v1/carts/320049428" failed  	[MsgId: MERR-27760]
